[2026-01-20T02:50:57.157694+09:00] [INFO] ============================================================
[2026-01-20T02:50:57.158063+09:00] [INFO] 🚀 [COLLECT-META] 파이프라인 시작
[2026-01-20T02:50:57.158175+09:00] [INFO] ⏰ 시작 시간: 2026-01-20 02:50:57
[2026-01-20T02:50:57.158243+09:00] [INFO] 📁 로그 저장: /home/ubuntu/tzudong/backend/log/restaurant-crawling
[2026-01-20T02:50:57.158301+09:00] [INFO]    📄 text: /home/ubuntu/tzudong/backend/log/restaurant-crawling/text/26-01-20
[2026-01-20T02:50:57.158353+09:00] [INFO]    📊 structured: /home/ubuntu/tzudong/backend/log/restaurant-crawling/structured/26-01-20
[2026-01-20T02:50:57.158406+09:00] [INFO]    📋 report: /home/ubuntu/tzudong/backend/log/restaurant-crawling/report/26-01-20
[2026-01-20T02:50:57.158485+09:00] [INFO] ============================================================
[2026-01-20T02:50:57.158536+09:00] [INFO] ============================================================
[2026-01-20T02:50:57.158581+09:00] [INFO] 🚀 [COLLECT-META] 파이프라인 시작
[2026-01-20T02:50:57.158631+09:00] [INFO] ⏰ 시작 시간: 2026-01-20 02:50:57
[2026-01-20T02:50:57.158676+09:00] [INFO] 📁 로그 저장: /home/ubuntu/tzudong/backend/log/restaurant-crawling/report/26-01-20
[2026-01-20T02:50:57.158905+09:00] [INFO] ============================================================
[2026-01-20T02:50:57.163728+09:00] [INFO] 채널 처리: tzuyang
[2026-01-20T02:50:57.165389+09:00] [INFO] 전체 URL: 1012개
[2026-01-20T02:50:57.165633+09:00] [INFO] 진행: 0/1012 (0.0%)
[2026-01-20T02:51:48.298665+09:00] [INFO] ============================================================
[2026-01-20T02:51:48.298964+09:00] [INFO] 🏁 [COLLECT-META] 파이프라인 종료
[2026-01-20T02:51:48.299130+09:00] [INFO] ⏰ 종료 시간: 2026-01-20 02:51:48
[2026-01-20T02:51:48.299379+09:00] [INFO] ⏱️ 소요 시간: 51.1초
[2026-01-20T02:51:48.299454+09:00] [INFO] ============================================================
[2026-01-20T02:52:07.845675+09:00] [INFO] ============================================================
[2026-01-20T02:52:07.845955+09:00] [INFO] 🚀 [COLLECT-META] 파이프라인 시작
[2026-01-20T02:52:07.846063+09:00] [INFO] ⏰ 시작 시간: 2026-01-20 02:52:07
[2026-01-20T02:52:07.846130+09:00] [INFO] 📁 로그 저장: /home/ubuntu/tzudong/backend/log/restaurant-crawling
[2026-01-20T02:52:07.846189+09:00] [INFO]    📄 text: /home/ubuntu/tzudong/backend/log/restaurant-crawling/text/26-01-20
[2026-01-20T02:52:07.846244+09:00] [INFO]    📊 structured: /home/ubuntu/tzudong/backend/log/restaurant-crawling/structured/26-01-20
[2026-01-20T02:52:07.846299+09:00] [INFO]    📋 report: /home/ubuntu/tzudong/backend/log/restaurant-crawling/report/26-01-20
[2026-01-20T02:52:07.846353+09:00] [INFO] ============================================================
[2026-01-20T02:52:07.846405+09:00] [INFO] ============================================================
[2026-01-20T02:52:07.846451+09:00] [INFO] 🚀 [COLLECT-META] 파이프라인 시작
[2026-01-20T02:52:07.846503+09:00] [INFO] ⏰ 시작 시간: 2026-01-20 02:52:07
[2026-01-20T02:52:07.846550+09:00] [INFO] 📁 로그 저장: /home/ubuntu/tzudong/backend/log/restaurant-crawling/report/26-01-20
[2026-01-20T02:52:07.846597+09:00] [INFO] ============================================================
[2026-01-20T02:52:07.851488+09:00] [INFO] 채널 처리: tzuyang
[2026-01-20T02:52:07.853160+09:00] [INFO] 전체 URL: 1012개
[2026-01-20T02:52:07.853380+09:00] [INFO] 진행: 0/1012 (0.0%)
[2026-01-20T02:52:59.828124+09:00] [INFO] ============================================================
[2026-01-20T02:52:59.828424+09:00] [INFO] 🏁 [COLLECT-META] 파이프라인 종료
[2026-01-20T02:52:59.828512+09:00] [INFO] ⏰ 종료 시간: 2026-01-20 02:52:59
[2026-01-20T02:52:59.828572+09:00] [INFO] ⏱️ 소요 시간: 52.0초
[2026-01-20T02:52:59.828625+09:00] [INFO] ============================================================
[2026-01-20T02:53:46.436522+09:00] [INFO] ============================================================
[2026-01-20T02:53:46.436808+09:00] [INFO] 🚀 [COLLECT-META] 파이프라인 시작
[2026-01-20T02:53:46.436937+09:00] [INFO] ⏰ 시작 시간: 2026-01-20 02:53:46
[2026-01-20T02:53:46.437018+09:00] [INFO] 📁 로그 저장: /home/ubuntu/tzudong/backend/log/restaurant-crawling
[2026-01-20T02:53:46.437119+09:00] [INFO]    📄 text: /home/ubuntu/tzudong/backend/log/restaurant-crawling/text/26-01-20
[2026-01-20T02:53:46.437184+09:00] [INFO]    📊 structured: /home/ubuntu/tzudong/backend/log/restaurant-crawling/structured/26-01-20
[2026-01-20T02:53:46.437430+09:00] [INFO]    📋 report: /home/ubuntu/tzudong/backend/log/restaurant-crawling/report/26-01-20
[2026-01-20T02:53:46.437502+09:00] [INFO] ============================================================
[2026-01-20T02:53:46.437567+09:00] [INFO] ============================================================
[2026-01-20T02:53:46.437627+09:00] [INFO] 🚀 [COLLECT-META] 파이프라인 시작
[2026-01-20T02:53:46.437689+09:00] [INFO] ⏰ 시작 시간: 2026-01-20 02:53:46
[2026-01-20T02:53:46.437786+09:00] [INFO] 📁 로그 저장: /home/ubuntu/tzudong/backend/log/restaurant-crawling/report/26-01-20
[2026-01-20T02:53:46.437971+09:00] [INFO] ============================================================
[2026-01-20T02:53:46.440686+09:00] [INFO] 채널 처리: tzuyang
[2026-01-20T02:53:46.442378+09:00] [INFO] 전체 URL: 1012개
[2026-01-20T02:53:46.442593+09:00] [INFO] 진행: 0/1012 (0.0%)
[2026-01-20T02:59:04.891906+09:00] [INFO] 완료: 업데이트 0개
[2026-01-20T02:59:04.892352+09:00] [INFO] ============================================================
[2026-01-20T02:59:04.892473+09:00] [INFO] 🏁 [COLLECT-META] 파이프라인 종료
[2026-01-20T02:59:04.892556+09:00] [INFO] ⏰ 종료 시간: 2026-01-20 02:59:04
[2026-01-20T02:59:04.892618+09:00] [INFO] ⏱️ 소요 시간: 5분 18초
[2026-01-20T02:59:04.892672+09:00] [INFO] ============================================================
