[2026-01-20T00:11:02.957113+09:00] [INFO] ============================================================
[2026-01-20T00:11:02.957349+09:00] [INFO] 🚀 [COLLECT-URLS] 파이프라인 시작
[2026-01-20T00:11:02.957517+09:00] [INFO] ⏰ 시작 시간: 2026-01-20 00:11:02
[2026-01-20T00:11:02.957593+09:00] [INFO] 📁 로그 저장: /home/ubuntu/tzudong/backend/log/restaurant-crawling
[2026-01-20T00:11:02.957667+09:00] [INFO]    📄 text: /home/ubuntu/tzudong/backend/log/restaurant-crawling/text/26-01-20
[2026-01-20T00:11:02.957733+09:00] [INFO]    📊 structured: /home/ubuntu/tzudong/backend/log/restaurant-crawling/structured/26-01-20
[2026-01-20T00:11:02.957823+09:00] [INFO]    📋 report: /home/ubuntu/tzudong/backend/log/restaurant-crawling/report/26-01-20
[2026-01-20T00:11:02.957897+09:00] [INFO] ============================================================
[2026-01-20T00:11:02.957955+09:00] [INFO] ============================================================
[2026-01-20T00:11:02.958011+09:00] [INFO] 🚀 [COLLECT-URLS] 파이프라인 시작
[2026-01-20T00:11:02.958083+09:00] [INFO] ⏰ 시작 시간: 2026-01-20 00:11:02
[2026-01-20T00:11:02.958142+09:00] [INFO] 📁 로그 저장: /home/ubuntu/tzudong/backend/log/restaurant-crawling/report/26-01-20
[2026-01-20T00:11:02.958203+09:00] [INFO] ============================================================
[2026-01-20T00:11:02.958257+09:00] [INFO] ============================================================
[2026-01-20T00:11:02.958309+09:00] [INFO]   YouTube 채널 동영상 URL 수집
[2026-01-20T00:11:02.958362+09:00] [INFO] ============================================================
[2026-01-20T00:11:02.958419+09:00] [INFO] 대상 채널: ['tzuyang']
[2026-01-20T00:11:02.958472+09:00] [INFO] 
[2026-01-20T00:11:02.958523+09:00] [INFO] --- tzuyang 처리 시작 ---
[2026-01-20T00:11:02.963170+09:00] [INFO] 채널 처리: 쯔양 (tzuyang)
[2026-01-20T00:11:02.963339+09:00] [INFO] 채널 ID: UCfpaSruWW3S4dibonKXENjA
[2026-01-20T00:11:02.963417+09:00] [INFO] URL 파일: /home/ubuntu/tzudong/backend/restaurant-crawling/data/tzuyang/urls.txt
[2026-01-20T00:11:02.964133+09:00] [INFO] 기존 수집된 URL: 1003개
[2026-01-20T00:11:03.279553+09:00] [INFO] 채널: tzuyang쯔양
[2026-01-20T00:11:03.279842+09:00] [INFO] 업로드 플레이리스트 ID: UUfpaSruWW3S4dibonKXENjA
[2026-01-20T00:11:09.313052+09:00] [SUCCESS] 총 1010개 URL 수집 완료
[2026-01-20T00:11:09.313715+09:00] [INFO] 신규 저장: 9개, 스킵 (기존): 1001개
[2026-01-20T00:11:09.313904+09:00] [INFO] 
[2026-01-20T00:11:09.313999+09:00] [INFO] ============================================================
[2026-01-20T00:11:09.314065+09:00] [SUCCESS] 모든 채널 처리 완료
[2026-01-20T00:11:09.314124+09:00] [INFO] ============================================================
[2026-01-20T00:11:09.314180+09:00] [INFO]   tzuyang: 신규 9개 / 전체 1010개
[2026-01-20T00:11:09.314261+09:00] [INFO] ============================================================
[2026-01-20T00:11:09.314323+09:00] [INFO] 🏁 [COLLECT-URLS] 파이프라인 종료
[2026-01-20T00:11:09.314386+09:00] [INFO] ⏰ 종료 시간: 2026-01-20 00:11:09
[2026-01-20T00:11:09.314441+09:00] [INFO] ⏱️ 소요 시간: 6.4초
[2026-01-20T00:11:09.314495+09:00] [INFO] ============================================================
[2026-01-20T00:11:09.315038+09:00] [INFO] 📝 JSON 로그 저장: /home/ubuntu/tzudong/backend/log/restaurant-crawling/report/26-01-20/collect-urls_001102.json
