[2026-01-19T15:16:51.092Z] [INFO] === HTTP Heatmap Collector Started [Channel: tzuyang] ===
[2026-01-19T15:16:51.094Z] [INFO] Source: /home/ubuntu/tzudong/backend/restaurant-crawling/data/tzuyang/urls.txt
[2026-01-19T15:16:51.094Z] [INFO] Saving to: /home/ubuntu/tzudong/backend/restaurant-crawling/data/tzuyang/heatmap
[2026-01-19T15:16:51.095Z] [INFO] Cookies loaded.
[2026-01-19T15:16:51.143Z] [INFO] Found 1012 URLs, 1010 targets to process.
[2026-01-19T15:16:51.144Z] [INFO] Processing [-1OU4tkFJns]...
[2026-01-19T15:16:52.452Z] [INFO] Saved heatmap for -1OU4tkFJns (Points: 100)
[2026-01-19T15:16:55.726Z] [INFO] Processing [-8wi-fVqTwk]...
[2026-01-19T15:16:56.589Z] [INFO] Saved heatmap for -8wi-fVqTwk (Points: 100)
[2026-01-19T15:17:01.375Z] [INFO] Processing [-H-mhUeu_qk]...
[2026-01-19T15:17:02.419Z] [INFO] Saved heatmap for -H-mhUeu_qk (Points: 100)
[2026-01-19T15:17:06.049Z] [INFO] Processing [-HyRSLWcOeA]...
[2026-01-19T15:17:06.982Z] [INFO] Saved heatmap for -HyRSLWcOeA (Points: 100)
[2026-01-19T15:17:11.356Z] [INFO] Processing [-LGODBDAg1c]...
[2026-01-19T15:17:12.507Z] [INFO] Saved heatmap for -LGODBDAg1c (Points: 100)
[2026-01-19T15:17:16.534Z] [INFO] Processing [-RI5PUiPr3g]...
[2026-01-19T15:17:17.473Z] [INFO] Saved heatmap for -RI5PUiPr3g (Points: 100)
[2026-01-19T15:17:21.474Z] [INFO] Processing [-Tf_SWz5f9k]...
[2026-01-19T15:17:22.488Z] [INFO] Saved heatmap for -Tf_SWz5f9k (Points: 100)
[2026-01-19T15:17:26.769Z] [INFO] Processing [-WxGII56e8g]...
[2026-01-19T15:17:27.711Z] [INFO] [Skip] Shorts detected (<180s). ID: -WxGII56e8g
[2026-01-19T15:17:31.964Z] [INFO] Processing [-X47382RRus]...
[2026-01-19T15:17:32.967Z] [INFO] Saved heatmap for -X47382RRus (Points: 100)
[2026-01-19T15:17:35.982Z] [INFO] Processing [-e0ERP2rFkY]...
[2026-01-19T15:17:37.406Z] [INFO] Saved heatmap for -e0ERP2rFkY (Points: 100)
[2026-01-19T15:17:42.223Z] [INFO] Processing [-fE1mGc-W8w]...
[2026-01-19T15:17:43.125Z] [INFO] Saved heatmap for -fE1mGc-W8w (Points: 100)
[2026-01-19T15:17:46.580Z] [INFO] Processing [-kYYmiDGc-Y]...
[2026-01-19T15:17:47.449Z] [INFO] Saved heatmap for -kYYmiDGc-Y (Points: 100)
[2026-01-19T15:17:50.929Z] [INFO] Processing [-kvz3B9JHWc]...
[2026-01-19T15:17:51.901Z] [INFO] Saved heatmap for -kvz3B9JHWc (Points: 100)
[2026-01-19T15:17:56.006Z] [INFO] Processing [-lcUHOfTKX0]...
[2026-01-19T15:17:57.182Z] [INFO] Saved heatmap for -lcUHOfTKX0 (Points: 100)
[2026-01-19T15:18:00.342Z] [INFO] Processing [-rfjDzNyWeY]...
[2026-01-19T15:18:01.195Z] [INFO] [Skip] Shorts detected (<180s). ID: -rfjDzNyWeY
[2026-01-19T15:18:05.273Z] [INFO] Processing [-v5JyOmVirM]...
[2026-01-19T15:18:06.365Z] [INFO] Saved heatmap for -v5JyOmVirM (Points: 100)
[2026-01-19T15:18:10.677Z] [INFO] Processing [-wr8xH31c8M]...
[2026-01-19T15:18:11.828Z] [INFO] Saved heatmap for -wr8xH31c8M (Points: 100)
[2026-01-19T15:18:16.698Z] [INFO] Processing [0-RhVo6P3zI]...
[2026-01-19T15:18:17.703Z] [INFO] Saved heatmap for 0-RhVo6P3zI (Points: 100)
[2026-01-19T15:18:22.572Z] [INFO] Processing [00S1J_3uC0U]...
[2026-01-19T15:18:23.676Z] [INFO] Saved heatmap for 00S1J_3uC0U (Points: 100)
[2026-01-19T15:18:27.389Z] [INFO] Processing [02LzJVZCqt0]...
[2026-01-19T15:18:28.266Z] [INFO] Saved heatmap for 02LzJVZCqt0 (Points: 100)
[2026-01-19T15:18:31.620Z] [INFO] Processing [07lbVa_QEpw]...
[2026-01-19T15:18:32.565Z] [INFO] Saved heatmap for 07lbVa_QEpw (Points: 100)
[2026-01-19T15:18:35.965Z] [INFO] Processing [0CLZlPTCXs4]...
[2026-01-19T15:18:36.920Z] [INFO] Saved heatmap for 0CLZlPTCXs4 (Points: 100)
[2026-01-19T15:18:41.533Z] [INFO] Processing [0Ewq0-AyjcE]...
[2026-01-19T15:18:42.885Z] [INFO] Saved heatmap for 0Ewq0-AyjcE (Points: 100)
[2026-01-19T15:18:45.996Z] [INFO] Processing [0FACIBa9Jfg]...
[2026-01-19T15:18:47.068Z] [INFO] Saved heatmap for 0FACIBa9Jfg (Points: 100)
[2026-01-19T15:18:51.563Z] [INFO] Processing [0JNcoJWx7R8]...
[2026-01-19T15:18:52.855Z] [INFO] Saved heatmap for 0JNcoJWx7R8 (Points: 100)
[2026-01-19T15:18:57.297Z] [INFO] Processing [0NzwTo7dhMc]...
[2026-01-19T15:18:58.251Z] [INFO] Saved heatmap for 0NzwTo7dhMc (Points: 100)
[2026-01-19T15:19:03.050Z] [INFO] Processing [0QF3dU243gM]...
[2026-01-19T15:19:04.264Z] [INFO] Saved heatmap for 0QF3dU243gM (Points: 100)
[2026-01-19T15:19:08.578Z] [INFO] Processing [0SZw-PZq7xo]...
[2026-01-19T15:19:09.461Z] [INFO] [Skip] Shorts detected (<180s). ID: 0SZw-PZq7xo
[2026-01-19T15:19:13.061Z] [INFO] Processing [0Tl5rNh5akc]...
[2026-01-19T15:19:13.826Z] [INFO] Saved heatmap for 0Tl5rNh5akc (Points: 100)
[2026-01-19T15:19:17.544Z] [INFO] Processing [0VmT9F7y81s]...
[2026-01-19T15:19:18.569Z] [INFO] Saved heatmap for 0VmT9F7y81s (Points: 100)
[2026-01-19T15:19:22.107Z] [INFO] Processing [0_-X0y5bNKQ]...
[2026-01-19T15:19:23.081Z] [INFO] Saved heatmap for 0_-X0y5bNKQ (Points: 100)
[2026-01-19T15:19:26.538Z] [INFO] Processing [0dldcmnMR6s]...
[2026-01-19T15:19:27.609Z] [INFO] Saved heatmap for 0dldcmnMR6s (Points: 100)
[2026-01-19T15:19:31.818Z] [INFO] Processing [0lXxX_NA-t4]...
[2026-01-19T15:19:33.103Z] [INFO] Saved heatmap for 0lXxX_NA-t4 (Points: 100)
[2026-01-19T15:19:36.844Z] [INFO] Processing [0ykT2jWpwVk]...
[2026-01-19T15:19:37.842Z] [INFO] Saved heatmap for 0ykT2jWpwVk (Points: 100)
[2026-01-19T15:19:41.382Z] [INFO] Processing [11MTBs8k15g]...
[2026-01-19T15:19:42.118Z] [INFO] Saved heatmap for 11MTBs8k15g (Points: 100)
[2026-01-19T15:19:45.135Z] [INFO] Processing [123_e1Ba0EE]...
[2026-01-19T15:19:46.084Z] [INFO] [Skip] Shorts detected (<180s). ID: 123_e1Ba0EE
[2026-01-19T15:19:49.950Z] [INFO] Processing [16heS-I0edo]...
[2026-01-19T15:19:50.719Z] [INFO] Saved heatmap for 16heS-I0edo (Points: 100)
[2026-01-19T15:19:54.378Z] [INFO] Processing [1DnKb2BrsTg]...
[2026-01-19T15:19:55.587Z] [INFO] Saved heatmap for 1DnKb2BrsTg (Points: 100)
[2026-01-19T15:19:59.612Z] [INFO] Processing [1FrJg-bH63w]...
[2026-01-19T15:20:00.660Z] [INFO] Saved heatmap for 1FrJg-bH63w (Points: 100)
[2026-01-19T15:20:05.321Z] [INFO] Processing [1O5vTQR8EO8]...
[2026-01-19T15:20:06.278Z] [INFO] Saved heatmap for 1O5vTQR8EO8 (Points: 100)
[2026-01-19T15:20:10.427Z] [INFO] Processing [1SnDoCYRZUE]...
[2026-01-19T15:20:11.657Z] [INFO] Saved heatmap for 1SnDoCYRZUE (Points: 100)
[2026-01-19T15:20:14.765Z] [INFO] Processing [1SxiNnPoa1o]...
[2026-01-19T15:20:15.766Z] [INFO] Saved heatmap for 1SxiNnPoa1o (Points: 100)
[2026-01-19T15:20:19.873Z] [INFO] Processing [1WWZmyl9NoA]...
[2026-01-19T15:20:20.943Z] [INFO] [Skip] Shorts detected (<180s). ID: 1WWZmyl9NoA
[2026-01-19T15:20:24.566Z] [INFO] Processing [1ada3VIR1fQ]...
[2026-01-19T15:20:25.461Z] [INFO] Saved heatmap for 1ada3VIR1fQ (Points: 100)
[2026-01-19T15:20:30.169Z] [INFO] Processing [1itT_ytJ7Xc]...
[2026-01-19T15:20:31.307Z] [INFO] Saved heatmap for 1itT_ytJ7Xc (Points: 100)
[2026-01-19T15:20:34.350Z] [INFO] Processing [1kVddWboA0A]...
[2026-01-19T15:20:35.085Z] [INFO] Saved heatmap for 1kVddWboA0A (Points: 100)
[2026-01-19T15:20:39.560Z] [INFO] Processing [1l2ERypH5Ls]...
[2026-01-19T15:20:40.603Z] [INFO] Saved heatmap for 1l2ERypH5Ls (Points: 100)
[2026-01-19T15:20:44.888Z] [INFO] Processing [1m3NVZm5n_A]...
[2026-01-19T15:20:45.869Z] [INFO] Saved heatmap for 1m3NVZm5n_A (Points: 100)
[2026-01-19T15:20:49.943Z] [INFO] Processing [1nVPaBoiq7I]...
[2026-01-19T15:20:51.108Z] [INFO] Saved heatmap for 1nVPaBoiq7I (Points: 100)
[2026-01-19T15:20:55.234Z] [INFO] Processing [1oItBKdDg_8]...
[2026-01-19T15:20:56.455Z] [INFO] Saved heatmap for 1oItBKdDg_8 (Points: 100)
[2026-01-19T15:21:00.966Z] [INFO] Processing [1qslQO_PC9g]...
[2026-01-19T15:21:02.270Z] [INFO] Saved heatmap for 1qslQO_PC9g (Points: 100)
[2026-01-19T15:21:06.506Z] [INFO] Processing [1rSwrEPChlY]...
[2026-01-19T15:21:07.695Z] [INFO] Saved heatmap for 1rSwrEPChlY (Points: 100)
[2026-01-19T15:21:12.375Z] [INFO] Processing [1uWeJMamJDM]...
[2026-01-19T15:21:13.411Z] [INFO] Saved heatmap for 1uWeJMamJDM (Points: 100)
[2026-01-19T15:21:18.205Z] [INFO] Processing [1xtDsmbE91k]...
[2026-01-19T15:21:19.284Z] [INFO] Saved heatmap for 1xtDsmbE91k (Points: 100)
[2026-01-19T15:21:23.427Z] [INFO] Processing [2-HzvxrREac]...
[2026-01-19T15:21:24.740Z] [INFO] Saved heatmap for 2-HzvxrREac (Points: 100)
[2026-01-19T15:21:28.418Z] [INFO] Processing [2-QhBPvdK9w]...
[2026-01-19T15:21:29.612Z] [INFO] Saved heatmap for 2-QhBPvdK9w (Points: 100)
[2026-01-19T15:21:33.892Z] [INFO] Processing [25hLzjL0hgA]...
[2026-01-19T15:21:34.919Z] [INFO] Saved heatmap for 25hLzjL0hgA (Points: 100)
[2026-01-19T15:21:38.224Z] [INFO] Processing [2B7O7g9xMek]...
[2026-01-19T15:21:39.328Z] [INFO] Saved heatmap for 2B7O7g9xMek (Points: 100)
[2026-01-19T15:21:42.595Z] [INFO] Processing [2CAhj-TgMmA]...
[2026-01-19T15:21:43.467Z] [INFO] Saved heatmap for 2CAhj-TgMmA (Points: 100)
[2026-01-19T15:21:47.621Z] [INFO] Processing [2C_Cboo8oUM]...
[2026-01-19T15:21:48.744Z] [INFO] [Skip] Shorts detected (<180s). ID: 2C_Cboo8oUM
[2026-01-19T15:21:51.800Z] [INFO] Processing [2F1DQ2aaDQI]...
[2026-01-19T15:21:52.548Z] [INFO] Saved heatmap for 2F1DQ2aaDQI (Points: 100)
[2026-01-19T15:21:56.196Z] [INFO] Processing [2FhCVd2qNuo]...
[2026-01-19T15:21:57.196Z] [INFO] Saved heatmap for 2FhCVd2qNuo (Points: 100)
[2026-01-19T15:22:01.343Z] [INFO] Processing [2JfAGNXldxw]...
[2026-01-19T15:22:02.446Z] [INFO] Saved heatmap for 2JfAGNXldxw (Points: 100)
[2026-01-19T15:22:06.875Z] [INFO] Processing [2MlcYususZI]...
[2026-01-19T15:22:08.030Z] [INFO] Saved heatmap for 2MlcYususZI (Points: 100)
[2026-01-19T15:22:12.435Z] [INFO] Processing [2TYa1R-kcpc]...
[2026-01-19T15:22:13.461Z] [INFO] Saved heatmap for 2TYa1R-kcpc (Points: 100)
[2026-01-19T15:22:17.346Z] [INFO] Processing [2VO9YRB1qY4]...
[2026-01-19T15:22:18.347Z] [INFO] Saved heatmap for 2VO9YRB1qY4 (Points: 100)
[2026-01-19T15:22:21.889Z] [INFO] Processing [2iLC-idpf28]...
[2026-01-19T15:22:22.887Z] [INFO] Saved heatmap for 2iLC-idpf28 (Points: 100)
[2026-01-19T15:22:27.259Z] [INFO] Processing [2if2TjgSVEY]...
[2026-01-19T15:22:28.157Z] [INFO] Saved heatmap for 2if2TjgSVEY (Points: 100)
[2026-01-19T15:22:32.461Z] [INFO] Processing [2j45QOvYkL4]...
[2026-01-19T15:22:33.448Z] [INFO] Saved heatmap for 2j45QOvYkL4 (Points: 100)
[2026-01-19T15:22:36.975Z] [INFO] Processing [2p1-JhJ_PZM]...
[2026-01-19T15:22:38.145Z] [INFO] Saved heatmap for 2p1-JhJ_PZM (Points: 100)
[2026-01-19T15:22:41.686Z] [INFO] Processing [2zKb3QGunno]...
[2026-01-19T15:22:42.732Z] [INFO] Saved heatmap for 2zKb3QGunno (Points: 100)
[2026-01-19T15:22:47.552Z] [INFO] Processing [2zX2zFonIEE]...
[2026-01-19T15:22:48.674Z] [INFO] Saved heatmap for 2zX2zFonIEE (Points: 100)
[2026-01-19T15:22:53.184Z] [INFO] Processing [3651eb7XF98]...
[2026-01-19T15:22:54.316Z] [INFO] Saved heatmap for 3651eb7XF98 (Points: 100)
[2026-01-19T15:22:58.041Z] [INFO] Processing [387DTnvUyTg]...
[2026-01-19T15:22:58.922Z] [INFO] Saved heatmap for 387DTnvUyTg (Points: 100)
[2026-01-19T15:23:02.860Z] [INFO] Processing [3B_7UgMwjn8]...
[2026-01-19T15:23:04.047Z] [INFO] Saved heatmap for 3B_7UgMwjn8 (Points: 100)
[2026-01-19T15:23:07.340Z] [INFO] Processing [3MLTE9Zqcoo]...
[2026-01-19T15:23:08.305Z] [INFO] Saved heatmap for 3MLTE9Zqcoo (Points: 100)
[2026-01-19T15:23:12.141Z] [INFO] Processing [3Zyb_DU2jFg]...
[2026-01-19T15:23:13.197Z] [INFO] Saved heatmap for 3Zyb_DU2jFg (Points: 100)
[2026-01-19T15:23:17.329Z] [INFO] Processing [3ehn7gxvWFQ]...
[2026-01-19T15:23:18.598Z] [INFO] Saved heatmap for 3ehn7gxvWFQ (Points: 100)
[2026-01-19T15:23:23.584Z] [INFO] Processing [3okMOI9wcfo]...
[2026-01-19T15:23:24.936Z] [INFO] Saved heatmap for 3okMOI9wcfo (Points: 100)
[2026-01-19T15:23:28.919Z] [INFO] Processing [48tVCdhcerE]...
[2026-01-19T15:23:29.987Z] [INFO] Saved heatmap for 48tVCdhcerE (Points: 100)
[2026-01-19T15:23:34.885Z] [INFO] Processing [4AlE083qq4g]...
[2026-01-19T15:23:35.921Z] [INFO] Saved heatmap for 4AlE083qq4g (Points: 100)
[2026-01-19T15:23:39.920Z] [INFO] Processing [4BahYG3xw5Q]...
[2026-01-19T15:23:40.930Z] [INFO] Saved heatmap for 4BahYG3xw5Q (Points: 100)
[2026-01-19T15:23:45.668Z] [INFO] Processing [4CtzkPxFc5g]...
[2026-01-19T15:23:46.687Z] [INFO] Saved heatmap for 4CtzkPxFc5g (Points: 100)
[2026-01-19T15:23:51.409Z] [INFO] Processing [4Cujb7BvlEI]...
[2026-01-19T15:23:52.623Z] [INFO] Saved heatmap for 4Cujb7BvlEI (Points: 100)
[2026-01-19T15:23:57.095Z] [INFO] Processing [4Hdavi_3o8I]...
[2026-01-19T15:23:58.219Z] [INFO] Saved heatmap for 4Hdavi_3o8I (Points: 100)
[2026-01-19T15:24:02.786Z] [INFO] Processing [4JfhLX3GdBk]...
[2026-01-19T15:24:04.044Z] [INFO] Saved heatmap for 4JfhLX3GdBk (Points: 100)
[2026-01-19T15:24:08.197Z] [INFO] Processing [4K6I8tXP_MM]...
[2026-01-19T15:24:09.239Z] [INFO] Saved heatmap for 4K6I8tXP_MM (Points: 100)
[2026-01-19T15:24:13.382Z] [INFO] Processing [4X078jlC35k]...
[2026-01-19T15:24:14.938Z] [INFO] Saved heatmap for 4X078jlC35k (Points: 100)
[2026-01-19T15:24:18.599Z] [INFO] Processing [4lig9G57PH4]...
[2026-01-19T15:24:19.543Z] [INFO] Saved heatmap for 4lig9G57PH4 (Points: 100)
[2026-01-19T15:24:24.417Z] [INFO] Processing [4svzZO8Yi3o]...
[2026-01-19T15:24:25.607Z] [INFO] Saved heatmap for 4svzZO8Yi3o (Points: 100)
[2026-01-19T15:24:29.459Z] [INFO] Processing [4vg-3uctgxQ]...
[2026-01-19T15:24:30.431Z] [INFO] Saved heatmap for 4vg-3uctgxQ (Points: 100)
[2026-01-19T15:24:34.643Z] [INFO] Processing [5-QUaEhtAvA]...
[2026-01-19T15:24:35.872Z] [INFO] Saved heatmap for 5-QUaEhtAvA (Points: 100)
[2026-01-19T15:24:38.954Z] [INFO] Processing [5-wAV5b4CMk]...
[2026-01-19T15:24:39.866Z] [INFO] Saved heatmap for 5-wAV5b4CMk (Points: 100)
[2026-01-19T15:24:44.695Z] [INFO] Processing [54aFiAuI65w]...
[2026-01-19T15:24:45.652Z] [INFO] Saved heatmap for 54aFiAuI65w (Points: 100)
[2026-01-19T15:24:48.743Z] [INFO] Processing [57OCKKd9xsc]...
[2026-01-19T15:24:49.817Z] [INFO] Saved heatmap for 57OCKKd9xsc (Points: 100)
[2026-01-19T15:24:53.643Z] [INFO] Processing [57ctQLkl1ts]...
[2026-01-19T15:24:54.596Z] [INFO] Saved heatmap for 57ctQLkl1ts (Points: 100)
[2026-01-19T15:24:58.688Z] [INFO] Processing [58GslGnZcS4]...
[2026-01-19T15:25:00.154Z] [INFO] Saved heatmap for 58GslGnZcS4 (Points: 100)
[2026-01-19T15:25:03.955Z] [INFO] Processing [5HvsKPp2HU8]...
[2026-01-19T15:25:05.025Z] [INFO] Saved heatmap for 5HvsKPp2HU8 (Points: 100)
[2026-01-19T15:25:08.387Z] [INFO] Processing [5LMAWd-elok]...
[2026-01-19T15:25:09.315Z] [INFO] Saved heatmap for 5LMAWd-elok (Points: 100)
[2026-01-19T15:25:12.885Z] [INFO] Processing [5P9YmF-GjLI]...
[2026-01-19T15:25:13.792Z] [INFO] Saved heatmap for 5P9YmF-GjLI (Points: 100)
[2026-01-19T15:25:16.857Z] [INFO] Processing [5RR_DTMZhlY]...
[2026-01-19T15:25:17.670Z] [INFO] Saved heatmap for 5RR_DTMZhlY (Points: 100)
[2026-01-19T15:25:21.178Z] [INFO] Processing [5VT7nV3XTu8]...
[2026-01-19T15:25:22.123Z] [INFO] Saved heatmap for 5VT7nV3XTu8 (Points: 100)
[2026-01-19T15:25:25.419Z] [INFO] Processing [5VYBUCWCPkQ]...
[2026-01-19T15:25:26.376Z] [INFO] Saved heatmap for 5VYBUCWCPkQ (Points: 100)
[2026-01-19T15:25:29.958Z] [INFO] Processing [5lD4Gb7i-_4]...
[2026-01-19T15:25:30.838Z] [INFO] Saved heatmap for 5lD4Gb7i-_4 (Points: 100)
[2026-01-19T15:25:35.192Z] [INFO] Processing [61JJYl5deUs]...
[2026-01-19T15:25:36.200Z] [INFO] Saved heatmap for 61JJYl5deUs (Points: 100)
[2026-01-19T15:25:39.826Z] [INFO] Processing [6CA09WTaQM0]...
[2026-01-19T15:25:40.818Z] [INFO] Saved heatmap for 6CA09WTaQM0 (Points: 100)
[2026-01-19T15:25:44.270Z] [INFO] Processing [6DOjRkBeZGw]...
[2026-01-19T15:25:45.130Z] [INFO] [Skip] Shorts detected (<180s). ID: 6DOjRkBeZGw
[2026-01-19T15:25:49.099Z] [INFO] Processing [6FJ1Xo1fu2k]...
[2026-01-19T15:25:49.960Z] [INFO] Saved heatmap for 6FJ1Xo1fu2k (Points: 100)
[2026-01-19T15:25:54.369Z] [INFO] Processing [6FlxXNxxwcE]...
[2026-01-19T15:25:55.562Z] [INFO] Saved heatmap for 6FlxXNxxwcE (Points: 100)
[2026-01-19T15:25:58.770Z] [INFO] Processing [6KDmeK_6qsI]...
[2026-01-19T15:25:59.834Z] [INFO] Saved heatmap for 6KDmeK_6qsI (Points: 100)
[2026-01-19T15:26:03.945Z] [INFO] Processing [6O0fYDDFJbk]...
[2026-01-19T15:26:05.021Z] [INFO] Saved heatmap for 6O0fYDDFJbk (Points: 100)
[2026-01-19T15:26:09.203Z] [INFO] Processing [6OX0oBeqjJU]...
[2026-01-19T15:26:10.282Z] [INFO] Saved heatmap for 6OX0oBeqjJU (Points: 100)
[2026-01-19T15:26:15.213Z] [INFO] Processing [6PWxLP8LdKs]...
[2026-01-19T15:26:16.443Z] [INFO] Saved heatmap for 6PWxLP8LdKs (Points: 100)
[2026-01-19T15:26:20.489Z] [INFO] Processing [6YLPoxJwoyU]...
[2026-01-19T15:26:21.654Z] [INFO] Saved heatmap for 6YLPoxJwoyU (Points: 100)
[2026-01-19T15:26:25.674Z] [INFO] Processing [6YZCvnlAbTc]...
[2026-01-19T15:26:27.081Z] [INFO] Saved heatmap for 6YZCvnlAbTc (Points: 100)
[2026-01-19T15:26:30.791Z] [INFO] Processing [6k_6tLzSC3M]...
[2026-01-19T15:26:31.701Z] [INFO] Saved heatmap for 6k_6tLzSC3M (Points: 100)
[2026-01-19T15:26:36.280Z] [INFO] Processing [6p-slI6rj_Y]...
[2026-01-19T15:26:37.439Z] [INFO] Saved heatmap for 6p-slI6rj_Y (Points: 100)
[2026-01-19T15:26:41.708Z] [INFO] Processing [6sYv8CqGvFo]...
[2026-01-19T15:26:42.769Z] [INFO] Saved heatmap for 6sYv8CqGvFo (Points: 100)
[2026-01-19T15:26:46.210Z] [INFO] Processing [6v7h86IWMvU]...
[2026-01-19T15:26:47.123Z] [INFO] Saved heatmap for 6v7h86IWMvU (Points: 100)
[2026-01-19T15:26:51.170Z] [INFO] Processing [79LHvfqyC_0]...
[2026-01-19T15:26:52.100Z] [INFO] Saved heatmap for 79LHvfqyC_0 (Points: 100)
[2026-01-19T15:26:56.006Z] [INFO] Processing [7FSLE13ONM0]...
[2026-01-19T15:26:57.008Z] [INFO] Saved heatmap for 7FSLE13ONM0 (Points: 100)
[2026-01-19T15:27:01.495Z] [INFO] Processing [7M6gEUjNrKo]...
[2026-01-19T15:27:02.452Z] [INFO] Saved heatmap for 7M6gEUjNrKo (Points: 100)
[2026-01-19T15:27:07.165Z] [INFO] Processing [7RPGcG-AnCw]...
[2026-01-19T15:27:08.404Z] [INFO] Saved heatmap for 7RPGcG-AnCw (Points: 100)
[2026-01-19T15:27:11.497Z] [INFO] Processing [7YV9D3-fz9k]...
[2026-01-19T15:27:12.356Z] [INFO] Saved heatmap for 7YV9D3-fz9k (Points: 100)
[2026-01-19T15:27:15.376Z] [INFO] Processing [7ZHp5Na_tCc]...
[2026-01-19T15:27:16.414Z] [INFO] Saved heatmap for 7ZHp5Na_tCc (Points: 100)
[2026-01-19T15:27:19.663Z] [INFO] Processing [7kSC8-pnAzE]...
[2026-01-19T15:27:20.619Z] [INFO] Saved heatmap for 7kSC8-pnAzE (Points: 100)
[2026-01-19T15:27:25.600Z] [INFO] Processing [7n1dJibopAY]...
[2026-01-19T15:27:26.977Z] [INFO] Saved heatmap for 7n1dJibopAY (Points: 100)
[2026-01-19T15:27:30.551Z] [INFO] Processing [7nW5xNfUjUo]...
[2026-01-19T15:27:31.577Z] [INFO] Saved heatmap for 7nW5xNfUjUo (Points: 100)
[2026-01-19T15:27:36.205Z] [INFO] Processing [7qyxaP5V2t4]...
[2026-01-19T15:27:37.225Z] [INFO] Saved heatmap for 7qyxaP5V2t4 (Points: 100)
[2026-01-19T15:27:40.861Z] [INFO] Processing [7scuCf4mp3M]...
[2026-01-19T15:27:41.815Z] [INFO] Saved heatmap for 7scuCf4mp3M (Points: 100)
[2026-01-19T15:27:45.012Z] [INFO] Processing [7vqVX9SjPEg]...
[2026-01-19T15:27:45.949Z] [INFO] Saved heatmap for 7vqVX9SjPEg (Points: 100)
[2026-01-19T15:27:50.603Z] [INFO] Processing [80eJ-umeJqA]...
[2026-01-19T15:27:51.772Z] [INFO] Saved heatmap for 80eJ-umeJqA (Points: 100)
[2026-01-19T15:27:56.328Z] [INFO] Processing [820jZBF4eX8]...
[2026-01-19T15:27:57.441Z] [INFO] Saved heatmap for 820jZBF4eX8 (Points: 100)
[2026-01-19T15:28:02.078Z] [INFO] Processing [82M8OUA1hKc]...
[2026-01-19T15:28:03.122Z] [INFO] Saved heatmap for 82M8OUA1hKc (Points: 100)
[2026-01-19T15:28:06.810Z] [INFO] Processing [82O0kkLjo_w]...
[2026-01-19T15:28:07.758Z] [INFO] Saved heatmap for 82O0kkLjo_w (Points: 100)
[2026-01-19T15:28:12.261Z] [INFO] Processing [85PyvgB1cLU]...
[2026-01-19T15:28:13.236Z] [INFO] Saved heatmap for 85PyvgB1cLU (Points: 100)
[2026-01-19T15:28:16.575Z] [INFO] Processing [8AR6YsJ3SC4]...
[2026-01-19T15:28:17.431Z] [INFO] Saved heatmap for 8AR6YsJ3SC4 (Points: 100)
[2026-01-19T15:28:20.673Z] [INFO] Processing [8Av9ujcwWGM]...
[2026-01-19T15:28:21.835Z] [INFO] Saved heatmap for 8Av9ujcwWGM (Points: 100)
[2026-01-19T15:28:25.664Z] [INFO] Processing [8JPoehTsgNQ]...
[2026-01-19T15:28:26.855Z] [INFO] Saved heatmap for 8JPoehTsgNQ (Points: 100)
[2026-01-19T15:28:30.857Z] [INFO] Processing [8LGD2mMQ1RQ]...
[2026-01-19T15:28:31.914Z] [INFO] [Skip] Shorts detected (<180s). ID: 8LGD2mMQ1RQ
[2026-01-19T15:28:35.567Z] [INFO] Processing [8Op9zyBztCo]...
[2026-01-19T15:28:36.398Z] [INFO] Saved heatmap for 8Op9zyBztCo (Points: 100)
[2026-01-19T15:28:40.793Z] [INFO] Processing [8Pr3WLuAmmA]...
[2026-01-19T15:28:41.777Z] [INFO] Saved heatmap for 8Pr3WLuAmmA (Points: 100)
[2026-01-19T15:28:44.963Z] [INFO] Processing [8RBTyjDnbfk]...
[2026-01-19T15:28:45.850Z] [INFO] Saved heatmap for 8RBTyjDnbfk (Points: 100)
[2026-01-19T15:28:50.205Z] [INFO] Processing [8RdkFuFK1DY]...
[2026-01-19T15:28:51.171Z] [INFO] Saved heatmap for 8RdkFuFK1DY (Points: 100)
[2026-01-19T15:28:55.419Z] [INFO] Processing [8T0m8f44Kgs]...
[2026-01-19T15:28:56.333Z] [INFO] Saved heatmap for 8T0m8f44Kgs (Points: 100)
[2026-01-19T15:29:00.578Z] [INFO] Processing [8YSYlNg1AE4]...
[2026-01-19T15:29:01.663Z] [INFO] Saved heatmap for 8YSYlNg1AE4 (Points: 100)
[2026-01-19T15:29:05.436Z] [INFO] Processing [8bk4qd4h2mM]...
[2026-01-19T15:29:06.458Z] [INFO] Saved heatmap for 8bk4qd4h2mM (Points: 100)
[2026-01-19T15:29:11.231Z] [INFO] Processing [8hWQnvVvLHQ]...
[2026-01-19T15:29:12.239Z] [INFO] Saved heatmap for 8hWQnvVvLHQ (Points: 100)
[2026-01-19T15:29:15.955Z] [INFO] Processing [8mZrN76axXY]...
[2026-01-19T15:29:16.801Z] [INFO] Saved heatmap for 8mZrN76axXY (Points: 100)
[2026-01-19T15:29:19.997Z] [INFO] Processing [8zsCX3FR90A]...
[2026-01-19T15:29:20.911Z] [INFO] Saved heatmap for 8zsCX3FR90A (Points: 100)
[2026-01-19T15:29:24.348Z] [INFO] Processing [91277Wj7KT0]...
[2026-01-19T15:29:25.293Z] [INFO] Saved heatmap for 91277Wj7KT0 (Points: 100)
[2026-01-19T15:29:29.697Z] [INFO] Processing [93Xb0ZPnOEM]...
[2026-01-19T15:29:30.809Z] [INFO] Saved heatmap for 93Xb0ZPnOEM (Points: 100)
[2026-01-19T15:29:34.374Z] [INFO] Processing [9AeDIHDL9ZM]...
[2026-01-19T15:29:35.450Z] [INFO] Saved heatmap for 9AeDIHDL9ZM (Points: 100)
[2026-01-19T15:29:39.031Z] [INFO] Processing [9Hshc4Uo2Jk]...
[2026-01-19T15:29:40.060Z] [INFO] Saved heatmap for 9Hshc4Uo2Jk (Points: 100)
[2026-01-19T15:29:45.036Z] [INFO] Processing [9OzvUIlkN6U]...
[2026-01-19T15:29:46.148Z] [INFO] Saved heatmap for 9OzvUIlkN6U (Points: 100)
[2026-01-19T15:29:50.195Z] [INFO] Processing [9Tf0QzRvoLE]...
[2026-01-19T15:29:51.395Z] [INFO] Saved heatmap for 9Tf0QzRvoLE (Points: 100)
[2026-01-19T15:29:54.950Z] [INFO] Processing [9YoNoltBYPo]...
[2026-01-19T15:29:55.740Z] [INFO] Saved heatmap for 9YoNoltBYPo (Points: 100)
[2026-01-19T15:29:59.817Z] [INFO] Processing [9c-UpYxc0Rs]...
[2026-01-19T15:30:01.017Z] [INFO] Saved heatmap for 9c-UpYxc0Rs (Points: 100)
[2026-01-19T15:30:04.070Z] [INFO] Processing [9dmuQzjhYFI]...
[2026-01-19T15:30:05.064Z] [INFO] Saved heatmap for 9dmuQzjhYFI (Points: 100)
[2026-01-19T15:30:09.141Z] [INFO] Processing [9eJHNTya2pQ]...
[2026-01-19T15:30:10.211Z] [INFO] Saved heatmap for 9eJHNTya2pQ (Points: 100)
[2026-01-19T15:30:14.687Z] [INFO] Processing [9gVyvPCGQNA]...
[2026-01-19T15:30:15.932Z] [INFO] Saved heatmap for 9gVyvPCGQNA (Points: 100)
[2026-01-19T15:30:18.993Z] [INFO] Processing [9mTv_ygqfOM]...
[2026-01-19T15:30:19.961Z] [INFO] [Skip] Shorts detected (<180s). ID: 9mTv_ygqfOM
[2026-01-19T15:30:24.932Z] [INFO] Processing [9oLhNKQUq-M]...
[2026-01-19T15:30:26.097Z] [INFO] Saved heatmap for 9oLhNKQUq-M (Points: 100)
[2026-01-19T15:30:29.428Z] [INFO] Processing [9oZUTH09vv8]...
[2026-01-19T15:30:30.329Z] [INFO] Saved heatmap for 9oZUTH09vv8 (Points: 100)
[2026-01-19T15:30:33.600Z] [INFO] Processing [9tkT6z80_ro]...
[2026-01-19T15:30:34.815Z] [INFO] Saved heatmap for 9tkT6z80_ro (Points: 100)
[2026-01-19T15:30:38.690Z] [INFO] Processing [9tv92qClTuE]...
[2026-01-19T15:30:39.621Z] [INFO] Saved heatmap for 9tv92qClTuE (Points: 100)
[2026-01-19T15:30:43.075Z] [INFO] Processing [A5qOkDOnMAg]...
[2026-01-19T15:30:43.996Z] [INFO] Saved heatmap for A5qOkDOnMAg (Points: 100)
[2026-01-19T15:30:47.151Z] [INFO] Processing [A6Eek_QDG_4]...
[2026-01-19T15:30:48.171Z] [INFO] Saved heatmap for A6Eek_QDG_4 (Points: 100)
[2026-01-19T15:30:52.170Z] [INFO] Processing [AAcmK7mCK_s]...
[2026-01-19T15:30:53.438Z] [INFO] Saved heatmap for AAcmK7mCK_s (Points: 100)
[2026-01-19T15:30:57.644Z] [INFO] Processing [AAfhrt88mws]...
[2026-01-19T15:30:58.744Z] [INFO] Saved heatmap for AAfhrt88mws (Points: 100)
[2026-01-19T15:31:02.486Z] [INFO] Processing [ACOseTILZtk]...
[2026-01-19T15:31:03.586Z] [INFO] Saved heatmap for ACOseTILZtk (Points: 100)
[2026-01-19T15:31:07.632Z] [INFO] Processing [ACjBDrlUdbM]...
[2026-01-19T15:31:08.729Z] [INFO] Saved heatmap for ACjBDrlUdbM (Points: 100)
[2026-01-19T15:31:12.887Z] [INFO] Processing [AIgNzFybeEo]...
[2026-01-19T15:31:14.046Z] [INFO] Saved heatmap for AIgNzFybeEo (Points: 100)
[2026-01-19T15:31:17.799Z] [INFO] Processing [AL6cbIJzdos]...
[2026-01-19T15:31:18.715Z] [INFO] Saved heatmap for AL6cbIJzdos (Points: 100)
[2026-01-19T15:31:22.600Z] [INFO] Processing [AV1GLZOoctA]...
[2026-01-19T15:31:23.601Z] [INFO] Saved heatmap for AV1GLZOoctA (Points: 100)
[2026-01-19T15:31:27.164Z] [INFO] Processing [An5FOm0rGyk]...
[2026-01-19T15:31:28.192Z] [INFO] Saved heatmap for An5FOm0rGyk (Points: 100)
[2026-01-19T15:31:32.895Z] [INFO] Processing [AxxW-TwgNZk]...
[2026-01-19T15:31:34.047Z] [INFO] Saved heatmap for AxxW-TwgNZk (Points: 100)
[2026-01-19T15:31:38.564Z] [INFO] Processing [B3PH-TLulNk]...
[2026-01-19T15:31:39.745Z] [INFO] Saved heatmap for B3PH-TLulNk (Points: 100)
[2026-01-19T15:31:42.887Z] [INFO] Processing [B4xrbwDmIaE]...
[2026-01-19T15:31:43.677Z] [INFO] Saved heatmap for B4xrbwDmIaE (Points: 100)
[2026-01-19T15:31:48.479Z] [INFO] Processing [B5kKGR2avLo]...
[2026-01-19T15:31:49.674Z] [INFO] Saved heatmap for B5kKGR2avLo (Points: 100)
[2026-01-19T15:31:54.386Z] [INFO] Processing [B9adR8DN830]...
[2026-01-19T15:31:55.558Z] [INFO] Saved heatmap for B9adR8DN830 (Points: 100)
[2026-01-19T15:31:59.747Z] [INFO] Processing [BCJzYrOkoHg]...
[2026-01-19T15:32:01.030Z] [INFO] Saved heatmap for BCJzYrOkoHg (Points: 100)
[2026-01-19T15:32:04.060Z] [INFO] Processing [BCnteF--YUo]...
[2026-01-19T15:32:05.115Z] [INFO] Saved heatmap for BCnteF--YUo (Points: 100)
[2026-01-19T15:32:09.264Z] [INFO] Processing [BFIw0bXtMq0]...
[2026-01-19T15:32:10.218Z] [INFO] Saved heatmap for BFIw0bXtMq0 (Points: 100)
[2026-01-19T15:32:13.239Z] [INFO] Processing [BMUJ-rjnnxc]...
[2026-01-19T15:32:14.025Z] [INFO] [Skip] Shorts detected (<180s). ID: BMUJ-rjnnxc
[2026-01-19T15:32:18.014Z] [INFO] Processing [BSGs7NsvNuY]...
[2026-01-19T15:32:19.084Z] [INFO] Saved heatmap for BSGs7NsvNuY (Points: 100)
[2026-01-19T15:32:22.712Z] [INFO] Processing [BTkB2PiuKeA]...
[2026-01-19T15:32:23.532Z] [INFO] Saved heatmap for BTkB2PiuKeA (Points: 100)
[2026-01-19T15:32:28.138Z] [INFO] Processing [B_gGpdUVe8o]...
[2026-01-19T15:32:29.177Z] [INFO] Saved heatmap for B_gGpdUVe8o (Points: 100)
[2026-01-19T15:32:32.368Z] [INFO] Processing [BdmMYL3WJ2M]...
[2026-01-19T15:32:33.399Z] [INFO] [Skip] Shorts detected (<180s). ID: BdmMYL3WJ2M
[2026-01-19T15:32:36.897Z] [INFO] Processing [Blh_iDc72mI]...
[2026-01-19T15:32:37.825Z] [INFO] Saved heatmap for Blh_iDc72mI (Points: 100)
[2026-01-19T15:32:41.358Z] [INFO] Processing [Bo_OtEgn6_I]...
[2026-01-19T15:32:42.275Z] [INFO] Saved heatmap for Bo_OtEgn6_I (Points: 100)
[2026-01-19T15:32:45.767Z] [INFO] Processing [BubHdc2NayQ]...
[2026-01-19T15:32:46.716Z] [INFO] Saved heatmap for BubHdc2NayQ (Points: 100)
[2026-01-19T15:32:51.461Z] [INFO] Processing [C1osQlfEwfo]...
[2026-01-19T15:32:52.680Z] [INFO] Saved heatmap for C1osQlfEwfo (Points: 100)
[2026-01-19T15:32:56.480Z] [INFO] Processing [CBhRIsc_14A]...
[2026-01-19T15:32:57.397Z] [INFO] Saved heatmap for CBhRIsc_14A (Points: 100)
[2026-01-19T15:33:00.405Z] [INFO] Processing [CHvhhACncY8]...
[2026-01-19T15:33:01.328Z] [INFO] Saved heatmap for CHvhhACncY8 (Points: 100)
[2026-01-19T15:33:04.905Z] [INFO] Processing [CKVFCysYo8E]...
[2026-01-19T15:33:06.002Z] [INFO] Saved heatmap for CKVFCysYo8E (Points: 100)
[2026-01-19T15:33:09.966Z] [INFO] Processing [CPWwPVs5Ib4]...
[2026-01-19T15:33:10.969Z] [INFO] Saved heatmap for CPWwPVs5Ib4 (Points: 100)
[2026-01-19T15:33:15.558Z] [INFO] Processing [CQpxJhN16pM]...
[2026-01-19T15:33:16.794Z] [INFO] Saved heatmap for CQpxJhN16pM (Points: 100)
[2026-01-19T15:33:21.045Z] [INFO] Processing [C_8zXGpHb6s]...
[2026-01-19T15:33:22.127Z] [INFO] Saved heatmap for C_8zXGpHb6s (Points: 100)
[2026-01-19T15:33:26.534Z] [INFO] Processing [CbHQjy6Nq0Y]...
[2026-01-19T15:33:27.495Z] [INFO] [Skip] Shorts detected (<180s). ID: CbHQjy6Nq0Y
[2026-01-19T15:33:32.139Z] [INFO] Processing [CdbSF3ryPhY]...
[2026-01-19T15:33:33.344Z] [INFO] Saved heatmap for CdbSF3ryPhY (Points: 100)
[2026-01-19T15:33:37.866Z] [INFO] Processing [CopqpabihGk]...
[2026-01-19T15:33:38.970Z] [INFO] Saved heatmap for CopqpabihGk (Points: 100)
[2026-01-19T15:33:42.809Z] [INFO] Processing [CrCTpTdj_w0]...
[2026-01-19T15:33:43.807Z] [INFO] Saved heatmap for CrCTpTdj_w0 (Points: 100)
[2026-01-19T15:33:47.474Z] [INFO] Processing [CtXnLfien1Y]...
[2026-01-19T15:33:48.354Z] [INFO] Saved heatmap for CtXnLfien1Y (Points: 100)
[2026-01-19T15:33:51.649Z] [INFO] Processing [D-ibX5vxe6M]...
[2026-01-19T15:33:52.515Z] [INFO] Saved heatmap for D-ibX5vxe6M (Points: 100)
[2026-01-19T15:33:56.230Z] [INFO] Processing [D3edPLQGFek]...
[2026-01-19T15:33:57.184Z] [INFO] Saved heatmap for D3edPLQGFek (Points: 100)
[2026-01-19T15:34:01.366Z] [INFO] Processing [DA3BPjYPUGY]...
[2026-01-19T15:34:02.355Z] [INFO] Saved heatmap for DA3BPjYPUGY (Points: 100)
[2026-01-19T15:34:06.508Z] [INFO] Processing [DApeA1Fd_gI]...
[2026-01-19T15:34:07.533Z] [INFO] Saved heatmap for DApeA1Fd_gI (Points: 100)
[2026-01-19T15:34:11.567Z] [INFO] Processing [DI_SFTx6oqg]...
[2026-01-19T15:34:12.870Z] [INFO] Saved heatmap for DI_SFTx6oqg (Points: 100)
[2026-01-19T15:34:16.976Z] [INFO] Processing [DJrOIqKlnDo]...
[2026-01-19T15:34:18.277Z] [INFO] Saved heatmap for DJrOIqKlnDo (Points: 100)
[2026-01-19T15:34:22.145Z] [INFO] Processing [DKrqrO6qZEg]...
[2026-01-19T15:34:23.067Z] [INFO] Saved heatmap for DKrqrO6qZEg (Points: 100)
[2026-01-19T15:34:26.440Z] [INFO] Processing [DMSwEVd1EyY]...
[2026-01-19T15:34:27.488Z] [INFO] Saved heatmap for DMSwEVd1EyY (Points: 100)
[2026-01-19T15:34:32.006Z] [INFO] Processing [DQWFNnQ5oDA]...
[2026-01-19T15:34:32.912Z] [INFO] Saved heatmap for DQWFNnQ5oDA (Points: 100)
[2026-01-19T15:34:36.277Z] [INFO] Processing [DTkL-uQw-sU]...
[2026-01-19T15:34:37.136Z] [INFO] Saved heatmap for DTkL-uQw-sU (Points: 100)
[2026-01-19T15:34:40.270Z] [INFO] Processing [DZTe3nfHfI4]...
[2026-01-19T15:34:41.166Z] [INFO] Saved heatmap for DZTe3nfHfI4 (Points: 100)
[2026-01-19T15:34:44.311Z] [INFO] Processing [DZXKCO_REJ4]...
[2026-01-19T15:34:45.376Z] [INFO] Saved heatmap for DZXKCO_REJ4 (Points: 100)
[2026-01-19T15:34:49.370Z] [INFO] Processing [De-UKbpxEXY]...
[2026-01-19T15:34:50.399Z] [INFO] Saved heatmap for De-UKbpxEXY (Points: 100)
[2026-01-19T15:34:54.518Z] [INFO] Processing [Dhc9X5vqwNs]...
[2026-01-19T15:34:55.818Z] [INFO] Saved heatmap for Dhc9X5vqwNs (Points: 100)
[2026-01-19T15:34:59.722Z] [INFO] Processing [DncejNvRvTM]...
[2026-01-19T15:35:00.728Z] [INFO] Saved heatmap for DncejNvRvTM (Points: 100)
[2026-01-19T15:35:04.142Z] [INFO] Processing [DqJ4EqRpA0M]...
[2026-01-19T15:35:05.029Z] [INFO] Saved heatmap for DqJ4EqRpA0M (Points: 100)
[2026-01-19T15:35:08.606Z] [INFO] Processing [DwDQOOP0Is8]...
[2026-01-19T15:35:09.480Z] [INFO] Saved heatmap for DwDQOOP0Is8 (Points: 100)
[2026-01-19T15:35:13.470Z] [INFO] Processing [DyIrnuUxRsc]...
[2026-01-19T15:35:14.616Z] [INFO] Saved heatmap for DyIrnuUxRsc (Points: 100)
[2026-01-19T15:35:19.037Z] [INFO] Processing [Dzo7cB0MtbI]...
[2026-01-19T15:35:20.120Z] [INFO] Saved heatmap for Dzo7cB0MtbI (Points: 100)
[2026-01-19T15:35:23.508Z] [INFO] Processing [E1N_X3nq2yA]...
[2026-01-19T15:35:24.544Z] [INFO] Saved heatmap for E1N_X3nq2yA (Points: 100)
[2026-01-19T15:35:28.395Z] [INFO] Processing [E5P9l8MT0QI]...
[2026-01-19T15:35:29.415Z] [INFO] Saved heatmap for E5P9l8MT0QI (Points: 100)
[2026-01-19T15:35:33.978Z] [INFO] Processing [E7SlWEc4aJ0]...
[2026-01-19T15:35:35.111Z] [INFO] Saved heatmap for E7SlWEc4aJ0 (Points: 100)
[2026-01-19T15:35:39.552Z] [INFO] Processing [ELU0_fyQUTg]...
[2026-01-19T15:35:40.625Z] [INFO] Saved heatmap for ELU0_fyQUTg (Points: 100)
[2026-01-19T15:35:45.200Z] [INFO] Processing [ENTR_1viik4]...
[2026-01-19T15:35:46.347Z] [INFO] Saved heatmap for ENTR_1viik4 (Points: 100)
[2026-01-19T15:35:49.387Z] [INFO] Processing [ET36pk-i4U0]...
[2026-01-19T15:35:50.360Z] [INFO] Saved heatmap for ET36pk-i4U0 (Points: 100)
[2026-01-19T15:35:54.368Z] [INFO] Processing [EWCbmaIodXk]...
[2026-01-19T15:35:55.484Z] [INFO] Saved heatmap for EWCbmaIodXk (Points: 100)
[2026-01-19T15:35:59.402Z] [INFO] Processing [Eb5AYxy_7ag]...
[2026-01-19T15:36:00.356Z] [INFO] Saved heatmap for Eb5AYxy_7ag (Points: 100)
[2026-01-19T15:36:04.574Z] [INFO] Processing [Eb_c6KR5sbg]...
[2026-01-19T15:36:05.687Z] [INFO] Saved heatmap for Eb_c6KR5sbg (Points: 100)
[2026-01-19T15:36:08.824Z] [INFO] Processing [EgQcq1d5Crg]...
[2026-01-19T15:36:09.829Z] [INFO] Saved heatmap for EgQcq1d5Crg (Points: 100)
[2026-01-19T15:36:13.510Z] [INFO] Processing [EilSy-a-m-U]...
[2026-01-19T15:36:14.406Z] [INFO] Saved heatmap for EilSy-a-m-U (Points: 100)
[2026-01-19T15:36:18.211Z] [INFO] Processing [EjzwNy4UwJo]...
[2026-01-19T15:36:19.048Z] [INFO] Saved heatmap for EjzwNy4UwJo (Points: 100)
[2026-01-19T15:36:22.722Z] [INFO] Processing [ElSXrUBEng4]...
[2026-01-19T15:36:23.803Z] [INFO] Saved heatmap for ElSXrUBEng4 (Points: 100)
[2026-01-19T15:36:27.317Z] [INFO] Processing [EqEwDztxHRo]...
[2026-01-19T15:36:28.427Z] [INFO] Saved heatmap for EqEwDztxHRo (Points: 100)
[2026-01-19T15:36:31.612Z] [INFO] Processing [Eru0qdlHTAU]...
[2026-01-19T15:36:32.642Z] [INFO] [Skip] Shorts detected (<180s). ID: Eru0qdlHTAU
[2026-01-19T15:36:37.166Z] [INFO] Processing [EtvrIMKvzWU]...
[2026-01-19T15:36:38.253Z] [INFO] Saved heatmap for EtvrIMKvzWU (Points: 100)
[2026-01-19T15:36:42.190Z] [INFO] Processing [EuSqOJ1YjSQ]...
[2026-01-19T15:36:43.473Z] [INFO] Saved heatmap for EuSqOJ1YjSQ (Points: 100)
[2026-01-19T15:36:47.958Z] [INFO] Processing [Ew-PClo0nek]...
[2026-01-19T15:36:49.129Z] [INFO] Saved heatmap for Ew-PClo0nek (Points: 100)
[2026-01-19T15:36:52.519Z] [INFO] Processing [F1ms0elgPLQ]...
[2026-01-19T15:36:53.469Z] [INFO] Saved heatmap for F1ms0elgPLQ (Points: 100)
[2026-01-19T15:36:57.414Z] [INFO] Processing [F4sNpfOnZAc]...
[2026-01-19T15:36:58.600Z] [INFO] Saved heatmap for F4sNpfOnZAc (Points: 100)
[2026-01-19T15:37:03.052Z] [INFO] Processing [F7X1tougqpk]...
[2026-01-19T15:37:04.300Z] [INFO] Saved heatmap for F7X1tougqpk (Points: 100)
[2026-01-19T15:37:08.484Z] [INFO] Processing [F7sPLM-ThnA]...
[2026-01-19T15:37:09.481Z] [INFO] Saved heatmap for F7sPLM-ThnA (Points: 100)
[2026-01-19T15:37:14.175Z] [INFO] Processing [FDClBcO-3-0]...
[2026-01-19T15:37:15.319Z] [INFO] Saved heatmap for FDClBcO-3-0 (Points: 100)
[2026-01-19T15:37:19.423Z] [INFO] Processing [FGJdgoU5L_s]...
[2026-01-19T15:37:20.630Z] [INFO] Saved heatmap for FGJdgoU5L_s (Points: 100)
[2026-01-19T15:37:23.672Z] [INFO] Processing [FPg95PvRbew]...
[2026-01-19T15:37:24.598Z] [INFO] Saved heatmap for FPg95PvRbew (Points: 100)
[2026-01-19T15:37:27.611Z] [INFO] Processing [FSsr6NanwkM]...
[2026-01-19T15:37:28.665Z] [INFO] Saved heatmap for FSsr6NanwkM (Points: 100)
[2026-01-19T15:37:32.276Z] [INFO] Processing [FaRvDCP4HEI]...
[2026-01-19T15:37:33.073Z] [INFO] Saved heatmap for FaRvDCP4HEI (Points: 100)
[2026-01-19T15:37:37.912Z] [INFO] Processing [FcVz29NKM-o]...
[2026-01-19T15:37:38.935Z] [INFO] Saved heatmap for FcVz29NKM-o (Points: 100)
[2026-01-19T15:37:42.807Z] [INFO] Processing [FcblabtVQKo]...
[2026-01-19T15:37:43.687Z] [INFO] [Skip] Shorts detected (<180s). ID: FcblabtVQKo
[2026-01-19T15:37:46.737Z] [INFO] Processing [FgDCbXyv0UY]...
[2026-01-19T15:37:47.642Z] [INFO] Saved heatmap for FgDCbXyv0UY (Points: 100)
[2026-01-19T15:37:51.617Z] [INFO] Processing [Fo6VAM5YSkQ]...
[2026-01-19T15:37:52.479Z] [INFO] Saved heatmap for Fo6VAM5YSkQ (Points: 100)
[2026-01-19T15:37:56.468Z] [INFO] Processing [G3pQQeL47wI]...
[2026-01-19T15:37:57.808Z] [INFO] Saved heatmap for G3pQQeL47wI (Points: 100)
[2026-01-19T15:38:00.893Z] [INFO] Processing [G5VVUL5tjIY]...
[2026-01-19T15:38:01.875Z] [INFO] Saved heatmap for G5VVUL5tjIY (Points: 100)
[2026-01-19T15:38:06.053Z] [INFO] Processing [G67fimywcmk]...
[2026-01-19T15:38:07.142Z] [INFO] Saved heatmap for G67fimywcmk (Points: 100)
[2026-01-19T15:38:11.180Z] [INFO] Processing [GBRoyvoSfAY]...
[2026-01-19T15:38:12.348Z] [INFO] Saved heatmap for GBRoyvoSfAY (Points: 100)
[2026-01-19T15:38:15.749Z] [INFO] Processing [GGQrROGsuuw]...
[2026-01-19T15:38:16.633Z] [INFO] Saved heatmap for GGQrROGsuuw (Points: 100)
[2026-01-19T15:38:20.060Z] [INFO] Processing [GHZM7LgiVws]...
[2026-01-19T15:38:21.012Z] [INFO] Saved heatmap for GHZM7LgiVws (Points: 100)
[2026-01-19T15:38:25.017Z] [INFO] Processing [GJ0TXbKNk-g]...
[2026-01-19T15:38:26.054Z] [INFO] Saved heatmap for GJ0TXbKNk-g (Points: 100)
[2026-01-19T15:38:30.986Z] [INFO] Processing [GLTd77dTP4Q]...
[2026-01-19T15:38:32.078Z] [INFO] Saved heatmap for GLTd77dTP4Q (Points: 100)
[2026-01-19T15:38:36.659Z] [INFO] Processing [GPBfFGgLQSs]...
[2026-01-19T15:38:37.802Z] [INFO] Saved heatmap for GPBfFGgLQSs (Points: 100)
[2026-01-19T15:38:42.158Z] [INFO] Processing [GPeeYxBVigM]...
[2026-01-19T15:38:43.180Z] [INFO] Saved heatmap for GPeeYxBVigM (Points: 100)
[2026-01-19T15:38:46.757Z] [INFO] Processing [GPxjPNVazpA]...
[2026-01-19T15:38:47.810Z] [INFO] Saved heatmap for GPxjPNVazpA (Points: 100)
[2026-01-19T15:38:52.012Z] [INFO] Processing [G_9WMI0PNas]...
[2026-01-19T15:38:53.003Z] [INFO] Saved heatmap for G_9WMI0PNas (Points: 100)
[2026-01-19T15:38:56.741Z] [INFO] Processing [G_Oq32bGM74]...
[2026-01-19T15:38:57.708Z] [INFO] Saved heatmap for G_Oq32bGM74 (Points: 100)
[2026-01-19T15:39:02.226Z] [INFO] Processing [GeRkd99WZbU]...
[2026-01-19T15:39:03.222Z] [INFO] Saved heatmap for GeRkd99WZbU (Points: 100)
[2026-01-19T15:39:06.766Z] [INFO] Processing [GepbPDhL1X4]...
[2026-01-19T15:39:07.770Z] [INFO] Saved heatmap for GepbPDhL1X4 (Points: 100)
[2026-01-19T15:39:11.235Z] [INFO] Processing [GiQlzDcTKj8]...
[2026-01-19T15:39:12.219Z] [INFO] Saved heatmap for GiQlzDcTKj8 (Points: 100)
[2026-01-19T15:39:16.360Z] [INFO] Processing [Gz-nspfstFI]...
[2026-01-19T15:39:17.543Z] [INFO] Saved heatmap for Gz-nspfstFI (Points: 100)
[2026-01-19T15:39:20.790Z] [INFO] Processing [H8a1fQojZj0]...
[2026-01-19T15:39:21.678Z] [INFO] Saved heatmap for H8a1fQojZj0 (Points: 100)
[2026-01-19T15:39:26.455Z] [INFO] Processing [H9mug1r0UcY]...
[2026-01-19T15:39:27.497Z] [INFO] Saved heatmap for H9mug1r0UcY (Points: 100)
[2026-01-19T15:39:31.886Z] [INFO] Processing [HFKUFBirCr0]...
[2026-01-19T15:39:32.735Z] [INFO] Saved heatmap for HFKUFBirCr0 (Points: 100)
[2026-01-19T15:39:35.780Z] [INFO] Processing [HLzgIj9j0hs]...
[2026-01-19T15:39:36.774Z] [INFO] Saved heatmap for HLzgIj9j0hs (Points: 100)
[2026-01-19T15:39:40.701Z] [INFO] Processing [HR6dMTps16w]...
[2026-01-19T15:39:41.681Z] [INFO] Saved heatmap for HR6dMTps16w (Points: 100)
[2026-01-19T15:39:45.422Z] [INFO] Processing [HRqiND6h_BE]...
[2026-01-19T15:39:46.460Z] [INFO] Saved heatmap for HRqiND6h_BE (Points: 100)
[2026-01-19T15:39:50.909Z] [INFO] Processing [HT3oGmsf1xo]...
[2026-01-19T15:39:51.950Z] [INFO] Saved heatmap for HT3oGmsf1xo (Points: 100)
[2026-01-19T15:39:55.050Z] [INFO] Processing [HY4EmkarhMo]...
[2026-01-19T15:39:56.066Z] [INFO] [Skip] Shorts detected (<180s). ID: HY4EmkarhMo
[2026-01-19T15:40:00.557Z] [INFO] Processing [HZaDW00sldo]...
[2026-01-19T15:40:01.543Z] [INFO] Saved heatmap for HZaDW00sldo (Points: 100)
[2026-01-19T15:40:05.948Z] [INFO] Processing [HddyXcoPRtw]...
[2026-01-19T15:40:07.341Z] [INFO] Saved heatmap for HddyXcoPRtw (Points: 100)
[2026-01-19T15:40:11.728Z] [INFO] Processing [HfHQyMb-kvQ]...
[2026-01-19T15:40:12.839Z] [INFO] [Skip] Shorts detected (<180s). ID: HfHQyMb-kvQ
[2026-01-19T15:40:16.331Z] [INFO] Processing [HfyEbRuIXBU]...
[2026-01-19T15:40:17.197Z] [INFO] Saved heatmap for HfyEbRuIXBU (Points: 100)
[2026-01-19T15:40:21.223Z] [INFO] Processing [HmphRR9IdOk]...
[2026-01-19T15:40:22.346Z] [INFO] Saved heatmap for HmphRR9IdOk (Points: 100)
[2026-01-19T15:40:25.509Z] [INFO] Processing [HnBsYS5Y_T0]...
[2026-01-19T15:40:26.396Z] [INFO] Saved heatmap for HnBsYS5Y_T0 (Points: 100)
[2026-01-19T15:40:30.584Z] [INFO] Processing [HrUVx1xnbAs]...
[2026-01-19T15:40:31.612Z] [INFO] Saved heatmap for HrUVx1xnbAs (Points: 100)
[2026-01-19T15:40:35.201Z] [INFO] Processing [HrlUZv2s8l4]...
[2026-01-19T15:40:36.087Z] [INFO] Saved heatmap for HrlUZv2s8l4 (Points: 100)
[2026-01-19T15:40:39.846Z] [INFO] Processing [HsxX7VMM718]...
[2026-01-19T15:40:40.803Z] [INFO] Saved heatmap for HsxX7VMM718 (Points: 100)
[2026-01-19T15:40:43.864Z] [INFO] Processing [HvTLbeasXS4]...
[2026-01-19T15:40:44.810Z] [INFO] Saved heatmap for HvTLbeasXS4 (Points: 100)
[2026-01-19T15:40:48.802Z] [INFO] Processing [HyWn4MjoxXU]...
[2026-01-19T15:40:50.150Z] [INFO] Saved heatmap for HyWn4MjoxXU (Points: 100)
[2026-01-19T15:40:53.661Z] [INFO] Processing [I3HK0E3EK2U]...
[2026-01-19T15:40:54.776Z] [INFO] Saved heatmap for I3HK0E3EK2U (Points: 100)
[2026-01-19T15:40:59.055Z] [INFO] Processing [I5lOa3zFpmI]...
[2026-01-19T15:41:00.070Z] [INFO] Saved heatmap for I5lOa3zFpmI (Points: 100)
[2026-01-19T15:41:03.995Z] [INFO] Processing [IBLMgsUv894]...
[2026-01-19T15:41:05.143Z] [INFO] Saved heatmap for IBLMgsUv894 (Points: 100)
[2026-01-19T15:41:08.704Z] [INFO] Processing [INCehN6gz90]...
[2026-01-19T15:41:09.754Z] [INFO] Saved heatmap for INCehN6gz90 (Points: 100)
[2026-01-19T15:41:13.524Z] [INFO] Processing [IPYGtzB-Yzk]...
[2026-01-19T15:41:14.524Z] [INFO] Saved heatmap for IPYGtzB-Yzk (Points: 100)
[2026-01-19T15:41:18.577Z] [INFO] Processing [IUvjIG3Bwqw]...
[2026-01-19T15:41:19.801Z] [INFO] Saved heatmap for IUvjIG3Bwqw (Points: 100)
[2026-01-19T15:41:24.238Z] [INFO] Processing [IXI9t8dZG-Y]...
[2026-01-19T15:41:25.506Z] [INFO] Saved heatmap for IXI9t8dZG-Y (Points: 100)
[2026-01-19T15:41:29.483Z] [INFO] Processing [IYJ9NDTHOPs]...
[2026-01-19T15:41:30.541Z] [INFO] Saved heatmap for IYJ9NDTHOPs (Points: 100)
[2026-01-19T15:41:34.468Z] [INFO] Processing [IZoaoUWGmr8]...
[2026-01-19T15:41:35.490Z] [INFO] Saved heatmap for IZoaoUWGmr8 (Points: 100)
[2026-01-19T15:41:39.646Z] [INFO] Processing [I_gpXZLUouo]...
[2026-01-19T15:41:40.825Z] [INFO] [Skip] Shorts detected (<180s). ID: I_gpXZLUouo
[2026-01-19T15:41:45.240Z] [INFO] Processing [Id8lHg35VGw]...
[2026-01-19T15:41:46.521Z] [INFO] Saved heatmap for Id8lHg35VGw (Points: 100)
[2026-01-19T15:41:50.097Z] [INFO] Processing [IdS4G6-TsKc]...
[2026-01-19T15:41:50.925Z] [INFO] Saved heatmap for IdS4G6-TsKc (Points: 100)
[2026-01-19T15:41:54.248Z] [INFO] Processing [IpEnAbgpK_g]...
[2026-01-19T15:41:55.251Z] [INFO] Saved heatmap for IpEnAbgpK_g (Points: 100)
[2026-01-19T15:41:58.878Z] [INFO] Processing [Iy80EP6v01s]...
[2026-01-19T15:41:59.861Z] [INFO] Saved heatmap for Iy80EP6v01s (Points: 100)
[2026-01-19T15:42:04.772Z] [INFO] Processing [J-8YlExkAnI]...
[2026-01-19T15:42:05.955Z] [INFO] Saved heatmap for J-8YlExkAnI (Points: 100)
[2026-01-19T15:42:10.667Z] [INFO] Processing [J2oUiR5JsC4]...
[2026-01-19T15:42:11.717Z] [INFO] [Skip] Shorts detected (<180s). ID: J2oUiR5JsC4
[2026-01-19T15:42:16.465Z] [INFO] Processing [J7gTEBtwsdU]...
[2026-01-19T15:42:17.872Z] [INFO] Saved heatmap for J7gTEBtwsdU (Points: 100)
[2026-01-19T15:42:20.978Z] [INFO] Processing [J7jeKk3BNO0]...
[2026-01-19T15:42:22.205Z] [INFO] Saved heatmap for J7jeKk3BNO0 (Points: 100)
[2026-01-19T15:42:26.783Z] [INFO] Processing [J9mrmZ3S_ps]...
[2026-01-19T15:42:27.904Z] [INFO] Saved heatmap for J9mrmZ3S_ps (Points: 100)
[2026-01-19T15:42:31.581Z] [INFO] Processing [JAh27fYryjw]...
[2026-01-19T15:42:32.517Z] [INFO] Saved heatmap for JAh27fYryjw (Points: 100)
[2026-01-19T15:42:36.931Z] [INFO] Processing [JDlXwyCrvLE]...
[2026-01-19T15:42:38.014Z] [INFO] [Skip] Shorts detected (<180s). ID: JDlXwyCrvLE
[2026-01-19T15:42:42.001Z] [INFO] Processing [JNkmE4CX84E]...
[2026-01-19T15:42:43.371Z] [INFO] Saved heatmap for JNkmE4CX84E (Points: 100)
[2026-01-19T15:42:48.305Z] [INFO] Processing [JPCHnKMMaNs]...
[2026-01-19T15:42:49.439Z] [INFO] Saved heatmap for JPCHnKMMaNs (Points: 100)
[2026-01-19T15:42:52.938Z] [INFO] Processing [JQUWY-z9Q2E]...
[2026-01-19T15:42:53.987Z] [INFO] Saved heatmap for JQUWY-z9Q2E (Points: 100)
[2026-01-19T15:42:58.066Z] [INFO] Processing [JRdqDre3abw]...
[2026-01-19T15:42:59.015Z] [INFO] Saved heatmap for JRdqDre3abw (Points: 100)
[2026-01-19T15:43:02.160Z] [INFO] Processing [JSZznsO7t9o]...
[2026-01-19T15:43:03.074Z] [INFO] Saved heatmap for JSZznsO7t9o (Points: 100)
[2026-01-19T15:43:06.676Z] [INFO] Processing [JTRm4YWo8IU]...
[2026-01-19T15:43:07.523Z] [INFO] Saved heatmap for JTRm4YWo8IU (Points: 100)
[2026-01-19T15:43:11.761Z] [INFO] Processing [JUIQs7ytf5U]...
[2026-01-19T15:43:12.765Z] [INFO] Saved heatmap for JUIQs7ytf5U (Points: 100)
[2026-01-19T15:43:17.749Z] [INFO] Processing [JUtNGH1R3Gs]...
[2026-01-19T15:43:18.754Z] [INFO] Saved heatmap for JUtNGH1R3Gs (Points: 100)
[2026-01-19T15:43:23.558Z] [INFO] Processing [JXGKeq14Lbk]...
[2026-01-19T15:43:24.621Z] [INFO] Saved heatmap for JXGKeq14Lbk (Points: 100)
[2026-01-19T15:43:28.437Z] [INFO] Processing [JZU3p0Gmsio]...
[2026-01-19T15:43:29.666Z] [INFO] Saved heatmap for JZU3p0Gmsio (Points: 100)
[2026-01-19T15:43:33.729Z] [INFO] Processing [Ja4GZqzjJ3U]...
[2026-01-19T15:43:34.844Z] [INFO] Saved heatmap for Ja4GZqzjJ3U (Points: 100)
[2026-01-19T15:43:38.353Z] [INFO] Processing [Jf6CmGR4b9k]...
[2026-01-19T15:43:39.520Z] [INFO] Saved heatmap for Jf6CmGR4b9k (Points: 100)
[2026-01-19T15:43:43.433Z] [INFO] Processing [JgmopiEN8dU]...
[2026-01-19T15:43:44.495Z] [INFO] Saved heatmap for JgmopiEN8dU (Points: 100)
[2026-01-19T15:43:48.417Z] [INFO] Processing [JjxtTeogYI4]...
[2026-01-19T15:43:49.489Z] [INFO] Saved heatmap for JjxtTeogYI4 (Points: 100)
[2026-01-19T15:43:52.972Z] [INFO] Processing [JruMgt9YEqM]...
[2026-01-19T15:43:53.975Z] [INFO] Saved heatmap for JruMgt9YEqM (Points: 100)
[2026-01-19T15:43:57.573Z] [INFO] Processing [Jxw2W_w6sSc]...
[2026-01-19T15:43:58.554Z] [INFO] Saved heatmap for Jxw2W_w6sSc (Points: 100)
[2026-01-19T15:44:02.330Z] [INFO] Processing [K0gt4qFpNbw]...
[2026-01-19T15:44:03.338Z] [INFO] Saved heatmap for K0gt4qFpNbw (Points: 100)
[2026-01-19T15:44:07.624Z] [INFO] Processing [K1Hc4cZKXt0]...
[2026-01-19T15:44:08.898Z] [INFO] Saved heatmap for K1Hc4cZKXt0 (Points: 100)
[2026-01-19T15:44:13.242Z] [INFO] Processing [KJy_UrYG1as]...
[2026-01-19T15:44:14.470Z] [INFO] Saved heatmap for KJy_UrYG1as (Points: 100)
[2026-01-19T15:44:17.648Z] [INFO] Processing [KKBTfD0jPHA]...
[2026-01-19T15:44:18.949Z] [INFO] Saved heatmap for KKBTfD0jPHA (Points: 100)
[2026-01-19T15:44:23.560Z] [INFO] Processing [KNrfkcA8vzY]...
[2026-01-19T15:44:24.617Z] [INFO] [Skip] Shorts detected (<180s). ID: KNrfkcA8vzY
[2026-01-19T15:44:28.571Z] [INFO] Processing [KQdyVGZnKeU]...
[2026-01-19T15:44:29.429Z] [INFO] Saved heatmap for KQdyVGZnKeU (Points: 100)
[2026-01-19T15:44:33.917Z] [INFO] Processing [KZWOjfpg2iI]...
[2026-01-19T15:44:35.035Z] [INFO] Saved heatmap for KZWOjfpg2iI (Points: 100)
[2026-01-19T15:44:39.922Z] [INFO] Processing [L79gwuMulig]...
[2026-01-19T15:44:40.756Z] [INFO] Saved heatmap for L79gwuMulig (Points: 100)
[2026-01-19T15:44:44.825Z] [INFO] Processing [LIdodV1ybrY]...
[2026-01-19T15:44:45.758Z] [INFO] Saved heatmap for LIdodV1ybrY (Points: 100)
[2026-01-19T15:44:50.256Z] [INFO] Processing [LKzv2bkSTtU]...
[2026-01-19T15:44:51.238Z] [INFO] Saved heatmap for LKzv2bkSTtU (Points: 100)
[2026-01-19T15:44:55.276Z] [INFO] Processing [LNj0S7B5sEY]...
[2026-01-19T15:44:56.609Z] [INFO] Saved heatmap for LNj0S7B5sEY (Points: 100)
[2026-01-19T15:45:00.987Z] [INFO] Processing [LUWUxyIkDls]...
[2026-01-19T15:45:02.113Z] [INFO] Saved heatmap for LUWUxyIkDls (Points: 100)
[2026-01-19T15:45:05.450Z] [INFO] Processing [L_zjYgTbak8]...
[2026-01-19T15:45:06.277Z] [INFO] Saved heatmap for L_zjYgTbak8 (Points: 100)
[2026-01-19T15:45:09.501Z] [INFO] Processing [LhCEph7vBjw]...
[2026-01-19T15:45:10.568Z] [INFO] Saved heatmap for LhCEph7vBjw (Points: 100)
[2026-01-19T15:45:14.107Z] [INFO] Processing [Lm9JRlYxFG4]...
[2026-01-19T15:45:15.188Z] [INFO] Saved heatmap for Lm9JRlYxFG4 (Points: 100)
[2026-01-19T15:45:18.438Z] [INFO] Processing [LnpoLJ1PLFM]...
[2026-01-19T15:45:19.424Z] [INFO] Saved heatmap for LnpoLJ1PLFM (Points: 100)
[2026-01-19T15:45:23.024Z] [INFO] Processing [LqgWTu6NmzE]...
[2026-01-19T15:45:24.003Z] [INFO] Saved heatmap for LqgWTu6NmzE (Points: 100)
[2026-01-19T15:45:28.892Z] [INFO] Processing [LrEsV9zHau4]...
[2026-01-19T15:45:29.892Z] [INFO] Saved heatmap for LrEsV9zHau4 (Points: 100)
[2026-01-19T15:45:34.869Z] [INFO] Processing [LsFquZYwzHc]...
[2026-01-19T15:45:35.802Z] [INFO] Saved heatmap for LsFquZYwzHc (Points: 100)
[2026-01-19T15:45:40.032Z] [INFO] Processing [LyxdItZU_4I]...
[2026-01-19T15:45:41.304Z] [INFO] Saved heatmap for LyxdItZU_4I (Points: 100)
[2026-01-19T15:45:44.435Z] [INFO] Processing [M36TycatOOY]...
[2026-01-19T15:45:45.781Z] [INFO] Saved heatmap for M36TycatOOY (Points: 100)
[2026-01-19T15:45:49.275Z] [INFO] Processing [M3K6xj5yyg4]...
[2026-01-19T15:45:50.212Z] [INFO] Saved heatmap for M3K6xj5yyg4 (Points: 100)
[2026-01-19T15:45:54.141Z] [INFO] Processing [M8whof-__nY]...
[2026-01-19T15:45:54.988Z] [INFO] Saved heatmap for M8whof-__nY (Points: 100)
[2026-01-19T15:45:59.259Z] [INFO] Processing [MJnLz9-rPrU]...
[2026-01-19T15:46:00.134Z] [INFO] Saved heatmap for MJnLz9-rPrU (Points: 100)
[2026-01-19T15:46:03.369Z] [INFO] Processing [MMnivNofP0M]...
[2026-01-19T15:46:04.291Z] [INFO] Saved heatmap for MMnivNofP0M (Points: 100)
[2026-01-19T15:46:07.418Z] [INFO] Processing [MN5cxevTa_M]...
[2026-01-19T15:46:08.798Z] [INFO] Saved heatmap for MN5cxevTa_M (Points: 100)
[2026-01-19T15:46:13.768Z] [INFO] Processing [MPPRr8U3Ki8]...
[2026-01-19T15:46:14.741Z] [INFO] Saved heatmap for MPPRr8U3Ki8 (Points: 100)
[2026-01-19T15:46:18.583Z] [INFO] Processing [MXB4qnvyhyg]...
[2026-01-19T15:46:19.360Z] [INFO] Saved heatmap for MXB4qnvyhyg (Points: 100)
[2026-01-19T15:46:23.444Z] [INFO] Processing [MXKFuvCukT8]...
[2026-01-19T15:46:24.374Z] [INFO] [Skip] Shorts detected (<180s). ID: MXKFuvCukT8
[2026-01-19T15:46:28.592Z] [INFO] Processing [MboGWV6Y7Mg]...
[2026-01-19T15:46:29.619Z] [INFO] Saved heatmap for MboGWV6Y7Mg (Points: 100)
[2026-01-19T15:46:34.519Z] [INFO] Processing [Mc-vgVeAHyc]...
[2026-01-19T15:46:35.665Z] [INFO] Saved heatmap for Mc-vgVeAHyc (Points: 100)
[2026-01-19T15:46:39.396Z] [INFO] Processing [MjXw08tatIc]...
[2026-01-19T15:46:40.350Z] [INFO] Saved heatmap for MjXw08tatIc (Points: 100)
[2026-01-19T15:46:43.961Z] [INFO] Processing [Mm76nsEkOIM]...
[2026-01-19T15:46:45.048Z] [INFO] Saved heatmap for Mm76nsEkOIM (Points: 100)
[2026-01-19T15:46:49.260Z] [INFO] Processing [MnLGiP3e714]...
[2026-01-19T15:46:50.617Z] [INFO] Saved heatmap for MnLGiP3e714 (Points: 100)
[2026-01-19T15:46:54.369Z] [INFO] Processing [MpMfSdOgiMg]...
[2026-01-19T15:46:55.259Z] [INFO] Saved heatmap for MpMfSdOgiMg (Points: 100)
[2026-01-19T15:46:59.979Z] [INFO] Processing [MvbqVkhViFM]...
[2026-01-19T15:47:01.218Z] [INFO] Saved heatmap for MvbqVkhViFM (Points: 100)
[2026-01-19T15:47:04.562Z] [INFO] Processing [MvgbpJ_zr6g]...
[2026-01-19T15:47:05.538Z] [INFO] Saved heatmap for MvgbpJ_zr6g (Points: 100)
[2026-01-19T15:47:09.884Z] [INFO] Processing [N1BF4F4cz9o]...
[2026-01-19T15:47:10.974Z] [INFO] Saved heatmap for N1BF4F4cz9o (Points: 100)
[2026-01-19T15:47:14.275Z] [INFO] Processing [N4nuqaAs79g]...
[2026-01-19T15:47:15.275Z] [INFO] Saved heatmap for N4nuqaAs79g (Points: 100)
[2026-01-19T15:47:19.439Z] [INFO] Processing [N82HhUgsV6I]...
[2026-01-19T15:47:20.343Z] [INFO] Saved heatmap for N82HhUgsV6I (Points: 100)
[2026-01-19T15:47:25.222Z] [INFO] Processing [NEaW-nO-UGM]...
[2026-01-19T15:47:26.424Z] [INFO] Saved heatmap for NEaW-nO-UGM (Points: 100)
[2026-01-19T15:47:30.905Z] [INFO] Processing [NGJEJvELysU]...
[2026-01-19T15:47:31.953Z] [INFO] Saved heatmap for NGJEJvELysU (Points: 100)
[2026-01-19T15:47:35.482Z] [INFO] Processing [NNcvNxD4vVg]...
[2026-01-19T15:47:36.652Z] [INFO] Saved heatmap for NNcvNxD4vVg (Points: 100)
[2026-01-19T15:47:40.385Z] [INFO] Processing [NOofZgRwC8c]...
[2026-01-19T15:47:41.335Z] [INFO] Saved heatmap for NOofZgRwC8c (Points: 100)
[2026-01-19T15:47:45.057Z] [INFO] Processing [NYcK7Cg0Ua0]...
[2026-01-19T15:47:45.952Z] [INFO] Saved heatmap for NYcK7Cg0Ua0 (Points: 100)
[2026-01-19T15:47:49.169Z] [INFO] Processing [NZZh-Nlemjw]...
[2026-01-19T15:47:50.127Z] [INFO] Saved heatmap for NZZh-Nlemjw (Points: 100)
[2026-01-19T15:47:53.384Z] [INFO] Processing [NksEaXk7e3c]...
[2026-01-19T15:47:54.273Z] [INFO] Saved heatmap for NksEaXk7e3c (Points: 100)
[2026-01-19T15:47:58.828Z] [INFO] Processing [NmmIwEi-Ogg]...
[2026-01-19T15:47:59.837Z] [INFO] Saved heatmap for NmmIwEi-Ogg (Points: 100)
[2026-01-19T15:48:03.803Z] [INFO] Processing [NrLPC4raEh4]...
[2026-01-19T15:48:04.716Z] [INFO] Saved heatmap for NrLPC4raEh4 (Points: 100)
[2026-01-19T15:48:08.838Z] [INFO] Processing [NrSREOoZrnw]...
[2026-01-19T15:48:09.953Z] [INFO] Saved heatmap for NrSREOoZrnw (Points: 100)
[2026-01-19T15:48:13.142Z] [INFO] Processing [O4nc-459gyk]...
[2026-01-19T15:48:14.340Z] [INFO] Saved heatmap for O4nc-459gyk (Points: 100)
[2026-01-19T15:48:19.006Z] [INFO] Processing [O6Act26tY3A]...
[2026-01-19T15:48:20.213Z] [INFO] Saved heatmap for O6Act26tY3A (Points: 100)
[2026-01-19T15:48:24.748Z] [INFO] Processing [O8ZmCAxLyLI]...
[2026-01-19T15:48:25.786Z] [INFO] Saved heatmap for O8ZmCAxLyLI (Points: 100)
[2026-01-19T15:48:30.016Z] [INFO] Processing [OLu58vHTq_8]...
[2026-01-19T15:48:31.020Z] [INFO] Saved heatmap for OLu58vHTq_8 (Points: 100)
[2026-01-19T15:48:34.497Z] [INFO] Processing [OON0kwUgOlw]...
[2026-01-19T15:48:35.389Z] [INFO] Saved heatmap for OON0kwUgOlw (Points: 100)
[2026-01-19T15:48:39.234Z] [INFO] Processing [OOwbBh44y70]...
[2026-01-19T15:48:40.128Z] [INFO] Saved heatmap for OOwbBh44y70 (Points: 100)
[2026-01-19T15:48:43.393Z] [INFO] Processing [OQMrogNS8LA]...
[2026-01-19T15:48:44.292Z] [INFO] Saved heatmap for OQMrogNS8LA (Points: 100)
[2026-01-19T15:48:48.929Z] [INFO] Processing [O_hj9Ge-Fdk]...
[2026-01-19T15:48:49.995Z] [INFO] Saved heatmap for O_hj9Ge-Fdk (Points: 100)
[2026-01-19T15:48:54.603Z] [INFO] Processing [OaHuBj6YH84]...
[2026-01-19T15:48:55.557Z] [INFO] Saved heatmap for OaHuBj6YH84 (Points: 100)
[2026-01-19T15:48:58.910Z] [INFO] Processing [Ok0GDvrnaR0]...
[2026-01-19T15:48:59.755Z] [INFO] Saved heatmap for Ok0GDvrnaR0 (Points: 100)
[2026-01-19T15:49:03.241Z] [INFO] Processing [Om03_CPNF9Q]...
[2026-01-19T15:49:04.323Z] [INFO] Saved heatmap for Om03_CPNF9Q (Points: 100)
[2026-01-19T15:49:08.181Z] [INFO] Processing [Op9zNhmj3ok]...
[2026-01-19T15:49:08.965Z] [INFO] Saved heatmap for Op9zNhmj3ok (Points: 100)
[2026-01-19T15:49:12.939Z] [INFO] Processing [Oq0Ad1hZDNg]...
[2026-01-19T15:49:13.870Z] [INFO] Saved heatmap for Oq0Ad1hZDNg (Points: 100)
[2026-01-19T15:49:18.622Z] [INFO] Processing [OrbUprSf_98]...
[2026-01-19T15:49:19.672Z] [INFO] Saved heatmap for OrbUprSf_98 (Points: 100)
[2026-01-19T15:49:23.534Z] [INFO] Processing [Ot49a_phXuI]...
[2026-01-19T15:49:24.500Z] [INFO] Saved heatmap for Ot49a_phXuI (Points: 100)
[2026-01-19T15:49:28.173Z] [INFO] Processing [OvsiOSWhDuk]...
[2026-01-19T15:49:29.148Z] [INFO] Saved heatmap for OvsiOSWhDuk (Points: 100)
[2026-01-19T15:49:33.955Z] [INFO] Processing [OzHPMTZXs8U]...
[2026-01-19T15:49:35.069Z] [INFO] Saved heatmap for OzHPMTZXs8U (Points: 100)
[2026-01-19T15:49:39.837Z] [INFO] Processing [Ozp7CcwSdoU]...
[2026-01-19T15:49:40.864Z] [INFO] Saved heatmap for Ozp7CcwSdoU (Points: 100)
[2026-01-19T15:49:44.487Z] [INFO] Processing [P4ySapvK798]...
[2026-01-19T15:49:45.393Z] [INFO] Saved heatmap for P4ySapvK798 (Points: 100)
[2026-01-19T15:49:49.437Z] [INFO] Processing [P6sTH0NiKN8]...
[2026-01-19T15:49:50.511Z] [INFO] Saved heatmap for P6sTH0NiKN8 (Points: 100)
[2026-01-19T15:49:54.651Z] [INFO] Processing [POEIbq0SArQ]...
[2026-01-19T15:49:55.694Z] [INFO] Saved heatmap for POEIbq0SArQ (Points: 100)
[2026-01-19T15:49:59.525Z] [INFO] Processing [PUWwFTzh-zc]...
[2026-01-19T15:50:00.527Z] [INFO] Saved heatmap for PUWwFTzh-zc (Points: 100)
[2026-01-19T15:50:03.646Z] [INFO] Processing [PWWm9Cy4GiY]...
[2026-01-19T15:50:04.657Z] [INFO] Saved heatmap for PWWm9Cy4GiY (Points: 100)
[2026-01-19T15:50:07.709Z] [INFO] Processing [PccnKw6DRgc]...
[2026-01-19T15:50:08.606Z] [INFO] [Skip] Shorts detected (<180s). ID: PccnKw6DRgc
[2026-01-19T15:50:12.796Z] [INFO] Processing [Pfci0VP21y0]...
[2026-01-19T15:50:13.836Z] [INFO] Saved heatmap for Pfci0VP21y0 (Points: 100)
[2026-01-19T15:50:17.673Z] [INFO] Processing [Phh1m7HOXTE]...
[2026-01-19T15:50:18.619Z] [INFO] Saved heatmap for Phh1m7HOXTE (Points: 100)
[2026-01-19T15:50:23.242Z] [INFO] Processing [PmXO5xXxhPU]...
[2026-01-19T15:50:24.271Z] [INFO] Saved heatmap for PmXO5xXxhPU (Points: 100)
[2026-01-19T15:50:28.536Z] [INFO] Processing [PqyGw4oPDYU]...
[2026-01-19T15:50:29.774Z] [INFO] Saved heatmap for PqyGw4oPDYU (Points: 100)
[2026-01-19T15:50:34.555Z] [INFO] Processing [Pr0I7zpL3dQ]...
[2026-01-19T15:50:35.499Z] [INFO] Saved heatmap for Pr0I7zpL3dQ (Points: 100)
[2026-01-19T15:50:39.396Z] [INFO] Processing [Prxzs65MhZE]...
[2026-01-19T15:50:40.368Z] [INFO] Saved heatmap for Prxzs65MhZE (Points: 100)
[2026-01-19T15:50:44.142Z] [INFO] Processing [PsNzvEiW5nc]...
[2026-01-19T15:50:45.010Z] [INFO] Saved heatmap for PsNzvEiW5nc (Points: 100)
[2026-01-19T15:50:48.571Z] [INFO] Processing [PtrjtvOD7Lw]...
[2026-01-19T15:50:49.570Z] [INFO] Saved heatmap for PtrjtvOD7Lw (Points: 100)
[2026-01-19T15:50:52.593Z] [INFO] Processing [Q0SaiWwzmJ0]...
[2026-01-19T15:50:53.555Z] [INFO] Saved heatmap for Q0SaiWwzmJ0 (Points: 100)
[2026-01-19T15:50:58.334Z] [INFO] Processing [Q7fVpvM1-eY]...
[2026-01-19T15:50:59.374Z] [INFO] [Skip] Shorts detected (<180s). ID: Q7fVpvM1-eY
[2026-01-19T15:51:03.407Z] [INFO] Processing [QAHRhT4_Sq0]...
[2026-01-19T15:51:04.524Z] [INFO] Saved heatmap for QAHRhT4_Sq0 (Points: 100)
[2026-01-19T15:51:08.498Z] [INFO] Processing [QEJYtqfLGvQ]...
[2026-01-19T15:51:09.524Z] [INFO] Saved heatmap for QEJYtqfLGvQ (Points: 100)
[2026-01-19T15:51:14.034Z] [INFO] Processing [QIy9R9A8PyU]...
[2026-01-19T15:51:15.084Z] [INFO] Saved heatmap for QIy9R9A8PyU (Points: 100)
[2026-01-19T15:51:19.431Z] [INFO] Processing [QJvAURjJPqU]...
[2026-01-19T15:51:20.699Z] [INFO] Saved heatmap for QJvAURjJPqU (Points: 100)
[2026-01-19T15:51:24.095Z] [INFO] Processing [QRD3R9nbg4I]...
[2026-01-19T15:51:24.918Z] [INFO] Saved heatmap for QRD3R9nbg4I (Points: 100)
[2026-01-19T15:51:28.631Z] [INFO] Processing [QTmPGMaNOxI]...
[2026-01-19T15:51:29.549Z] [INFO] Saved heatmap for QTmPGMaNOxI (Points: 100)
[2026-01-19T15:51:33.658Z] [INFO] Processing [QVVX9adc1fM]...
[2026-01-19T15:51:34.681Z] [INFO] Saved heatmap for QVVX9adc1fM (Points: 100)
[2026-01-19T15:51:38.195Z] [INFO] Processing [QWtvZ6NfNJ8]...
[2026-01-19T15:51:39.190Z] [INFO] Saved heatmap for QWtvZ6NfNJ8 (Points: 100)
[2026-01-19T15:51:43.874Z] [INFO] Processing [Q_4UhBgXbzQ]...
[2026-01-19T15:51:44.983Z] [INFO] Saved heatmap for Q_4UhBgXbzQ (Points: 100)
[2026-01-19T15:51:49.334Z] [INFO] Processing [Qe5w3eSHhUE]...
[2026-01-19T15:51:50.520Z] [INFO] Saved heatmap for Qe5w3eSHhUE (Points: 100)
[2026-01-19T15:51:54.536Z] [INFO] Processing [Qq4TaFlxErQ]...
[2026-01-19T15:51:55.711Z] [INFO] [Skip] Shorts detected (<180s). ID: Qq4TaFlxErQ
[2026-01-19T15:52:00.215Z] [INFO] Processing [QuwlZxZHHq0]...
[2026-01-19T15:52:01.293Z] [INFO] Saved heatmap for QuwlZxZHHq0 (Points: 100)
[2026-01-19T15:52:05.254Z] [INFO] Processing [QvqRsI7-3Wc]...
[2026-01-19T15:52:06.173Z] [INFO] Saved heatmap for QvqRsI7-3Wc (Points: 100)
[2026-01-19T15:52:10.064Z] [INFO] Processing [R-NjhsmMy9U]...
[2026-01-19T15:52:11.067Z] [INFO] Saved heatmap for R-NjhsmMy9U (Points: 100)
[2026-01-19T15:52:14.368Z] [INFO] Processing [R-pQJzdr5qo]...
[2026-01-19T15:52:15.624Z] [INFO] Saved heatmap for R-pQJzdr5qo (Points: 100)
[2026-01-19T15:52:18.841Z] [INFO] Processing [R4l1zUbM-dM]...
[2026-01-19T15:52:20.066Z] [INFO] Saved heatmap for R4l1zUbM-dM (Points: 100)
[2026-01-19T15:52:23.271Z] [INFO] Processing [R88YwEzAqls]...
[2026-01-19T15:52:24.447Z] [INFO] Saved heatmap for R88YwEzAqls (Points: 100)
[2026-01-19T15:52:29.356Z] [INFO] Processing [RBGFxTiAb7U]...
[2026-01-19T15:52:30.227Z] [INFO] Saved heatmap for RBGFxTiAb7U (Points: 100)
[2026-01-19T15:52:33.653Z] [INFO] Processing [RBoXVG_lHGU]...
[2026-01-19T15:52:34.574Z] [INFO] Saved heatmap for RBoXVG_lHGU (Points: 100)
[2026-01-19T15:52:38.856Z] [INFO] Processing [RCAalQ-bgmE]...
[2026-01-19T15:52:40.022Z] [INFO] Saved heatmap for RCAalQ-bgmE (Points: 100)
[2026-01-19T15:52:43.857Z] [INFO] Processing [RD3TcAyv0Pg]...
[2026-01-19T15:52:44.900Z] [INFO] [Skip] Shorts detected (<180s). ID: RD3TcAyv0Pg
[2026-01-19T15:52:49.345Z] [INFO] Processing [RFudEbfL2TU]...
[2026-01-19T15:52:50.437Z] [INFO] Saved heatmap for RFudEbfL2TU (Points: 100)
[2026-01-19T15:52:54.155Z] [INFO] Processing [RNYPAn51FtY]...
[2026-01-19T15:52:55.097Z] [INFO] Saved heatmap for RNYPAn51FtY (Points: 100)
[2026-01-19T15:52:59.612Z] [INFO] Processing [RPIdUNqytys]...
[2026-01-19T15:53:00.689Z] [INFO] Saved heatmap for RPIdUNqytys (Points: 100)
[2026-01-19T15:53:04.721Z] [INFO] Processing [RPPNx7ApOug]...
[2026-01-19T15:53:05.858Z] [INFO] Saved heatmap for RPPNx7ApOug (Points: 100)
[2026-01-19T15:53:09.793Z] [INFO] Processing [RSZVP4M1bQ0]...
[2026-01-19T15:53:10.723Z] [INFO] Saved heatmap for RSZVP4M1bQ0 (Points: 100)
[2026-01-19T15:53:14.241Z] [INFO] Processing [RTbRDh2rs1g]...
[2026-01-19T15:53:15.327Z] [INFO] Saved heatmap for RTbRDh2rs1g (Points: 100)
[2026-01-19T15:53:18.463Z] [INFO] Processing [RYLgZz9UKz0]...
[2026-01-19T15:53:19.485Z] [INFO] Saved heatmap for RYLgZz9UKz0 (Points: 100)
[2026-01-19T15:53:24.082Z] [INFO] Processing [Ra0AhAkYDho]...
[2026-01-19T15:53:25.225Z] [INFO] Saved heatmap for Ra0AhAkYDho (Points: 100)
[2026-01-19T15:53:29.326Z] [INFO] Processing [RaAVsPj5EIU]...
[2026-01-19T15:53:30.337Z] [INFO] Saved heatmap for RaAVsPj5EIU (Points: 100)
[2026-01-19T15:53:33.877Z] [INFO] Processing [RafmGHmD8NM]...
[2026-01-19T15:53:34.997Z] [INFO] Saved heatmap for RafmGHmD8NM (Points: 100)
[2026-01-19T15:53:39.422Z] [INFO] Processing [RiQrl1R2EFE]...
[2026-01-19T15:53:40.463Z] [INFO] Saved heatmap for RiQrl1R2EFE (Points: 100)
[2026-01-19T15:53:43.914Z] [INFO] Processing [RkMdigpgVF0]...
[2026-01-19T15:53:44.795Z] [INFO] Saved heatmap for RkMdigpgVF0 (Points: 100)
[2026-01-19T15:53:49.391Z] [INFO] Processing [RrUpuJXPX7k]...
[2026-01-19T15:53:50.508Z] [INFO] Saved heatmap for RrUpuJXPX7k (Points: 100)
[2026-01-19T15:53:55.170Z] [INFO] Processing [RtD8v_zCjuY]...
[2026-01-19T15:53:56.083Z] [INFO] Saved heatmap for RtD8v_zCjuY (Points: 100)
[2026-01-19T15:54:00.250Z] [INFO] Processing [S0E0PpIX6v0]...
[2026-01-19T15:54:01.494Z] [INFO] Saved heatmap for S0E0PpIX6v0 (Points: 100)
[2026-01-19T15:54:04.815Z] [INFO] Processing [SCTo9K3Acq8]...
[2026-01-19T15:54:05.740Z] [INFO] Saved heatmap for SCTo9K3Acq8 (Points: 100)
[2026-01-19T15:54:09.482Z] [INFO] Processing [SCpmx_9QN0o]...
[2026-01-19T15:54:10.511Z] [INFO] Saved heatmap for SCpmx_9QN0o (Points: 100)
[2026-01-19T15:54:14.016Z] [INFO] Processing [SFpOByAR_GQ]...
[2026-01-19T15:54:14.821Z] [INFO] Saved heatmap for SFpOByAR_GQ (Points: 100)
[2026-01-19T15:54:18.672Z] [INFO] Processing [SKw6kobu57Q]...
[2026-01-19T15:54:19.713Z] [INFO] Saved heatmap for SKw6kobu57Q (Points: 100)
[2026-01-19T15:54:23.890Z] [INFO] Processing [SS6bm0HEwcE]...
[2026-01-19T15:54:25.062Z] [INFO] Saved heatmap for SS6bm0HEwcE (Points: 100)
[2026-01-19T15:54:28.596Z] [INFO] Processing [SSAkcsiJDak]...
[2026-01-19T15:54:29.633Z] [INFO] Saved heatmap for SSAkcsiJDak (Points: 100)
[2026-01-19T15:54:32.840Z] [INFO] Processing [SVtf7xT5J64]...
[2026-01-19T15:54:33.860Z] [INFO] Saved heatmap for SVtf7xT5J64 (Points: 100)
[2026-01-19T15:54:38.273Z] [INFO] Processing [SYB13wqDt0A]...
[2026-01-19T15:54:39.190Z] [INFO] [Skip] Shorts detected (<180s). ID: SYB13wqDt0A
[2026-01-19T15:54:43.567Z] [INFO] Processing [SYOtRS5aFWE]...
[2026-01-19T15:54:44.609Z] [INFO] Saved heatmap for SYOtRS5aFWE (Points: 100)
[2026-01-19T15:54:49.441Z] [INFO] Processing [SZsHrezUPm4]...
[2026-01-19T15:54:50.460Z] [INFO] Saved heatmap for SZsHrezUPm4 (Points: 100)
[2026-01-19T15:54:53.837Z] [INFO] Processing [SbjywgoDGF4]...
[2026-01-19T15:54:55.049Z] [INFO] Saved heatmap for SbjywgoDGF4 (Points: 100)
[2026-01-19T15:54:58.698Z] [INFO] Processing [Sj2mblusg3o]...
[2026-01-19T15:54:59.618Z] [INFO] Saved heatmap for Sj2mblusg3o (Points: 100)
[2026-01-19T15:55:04.101Z] [INFO] Processing [Su915VcW8Cc]...
[2026-01-19T15:55:05.100Z] [INFO] Saved heatmap for Su915VcW8Cc (Points: 100)
[2026-01-19T15:55:09.384Z] [INFO] Processing [SyH1-6gqgCw]...
[2026-01-19T15:55:10.561Z] [INFO] Saved heatmap for SyH1-6gqgCw (Points: 100)
[2026-01-19T15:55:14.232Z] [INFO] Processing [T0yLAToGg48]...
[2026-01-19T15:55:15.157Z] [INFO] Saved heatmap for T0yLAToGg48 (Points: 100)
[2026-01-19T15:55:19.479Z] [INFO] Processing [T2200QHrXGs]...
[2026-01-19T15:55:20.527Z] [INFO] Saved heatmap for T2200QHrXGs (Points: 100)
[2026-01-19T15:55:24.808Z] [INFO] Processing [T84RZWzsiG8]...
[2026-01-19T15:55:25.842Z] [INFO] [Skip] Shorts detected (<180s). ID: T84RZWzsiG8
[2026-01-19T15:55:29.282Z] [INFO] Processing [TA-aeCFktME]...
[2026-01-19T15:55:30.394Z] [INFO] Saved heatmap for TA-aeCFktME (Points: 100)
[2026-01-19T15:55:33.701Z] [INFO] Processing [TAsK5DHQPqQ]...
[2026-01-19T15:55:34.753Z] [INFO] Saved heatmap for TAsK5DHQPqQ (Points: 100)
[2026-01-19T15:55:38.184Z] [INFO] Processing [TMESU7zMhso]...
[2026-01-19T15:55:39.122Z] [INFO] Saved heatmap for TMESU7zMhso (Points: 100)
[2026-01-19T15:55:42.207Z] [INFO] Processing [TPumfJ3WX3A]...
[2026-01-19T15:55:43.171Z] [INFO] Saved heatmap for TPumfJ3WX3A (Points: 100)
[2026-01-19T15:55:46.923Z] [INFO] Processing [TTlZQxQz0H4]...
[2026-01-19T15:55:47.936Z] [INFO] Saved heatmap for TTlZQxQz0H4 (Points: 100)
[2026-01-19T15:55:51.650Z] [INFO] Processing [TUfnKHP55x4]...
[2026-01-19T15:55:52.642Z] [INFO] Saved heatmap for TUfnKHP55x4 (Points: 100)
[2026-01-19T15:55:56.039Z] [INFO] Processing [Tbto4_gKTVg]...
[2026-01-19T15:55:57.114Z] [INFO] Saved heatmap for Tbto4_gKTVg (Points: 100)
[2026-01-19T15:56:00.259Z] [INFO] Processing [Td-nXxKGqT0]...
[2026-01-19T15:56:01.519Z] [INFO] Saved heatmap for Td-nXxKGqT0 (Points: 100)
[2026-01-19T15:56:04.667Z] [INFO] Processing [TiSia0lpZgI]...
[2026-01-19T15:56:05.493Z] [INFO] Saved heatmap for TiSia0lpZgI (Points: 100)
[2026-01-19T15:56:10.284Z] [INFO] Processing [Tiw7_yiBiX8]...
[2026-01-19T15:56:11.265Z] [INFO] Saved heatmap for Tiw7_yiBiX8 (Points: 100)
[2026-01-19T15:56:15.007Z] [INFO] Processing [Toi35vekNN8]...
[2026-01-19T15:56:16.273Z] [INFO] Saved heatmap for Toi35vekNN8 (Points: 100)
[2026-01-19T15:56:20.720Z] [INFO] Processing [TuZddCVF-yw]...
[2026-01-19T15:56:21.777Z] [INFO] Saved heatmap for TuZddCVF-yw (Points: 100)
[2026-01-19T15:56:26.064Z] [INFO] Processing [TxVJhLAo7j0]...
[2026-01-19T15:56:27.287Z] [INFO] Saved heatmap for TxVJhLAo7j0 (Points: 100)
[2026-01-19T15:56:31.092Z] [INFO] Processing [Tx_yrWwGCL4]...
[2026-01-19T15:56:32.236Z] [INFO] Saved heatmap for Tx_yrWwGCL4 (Points: 100)
[2026-01-19T15:56:36.242Z] [INFO] Processing [UFHNYUBqRsM]...
[2026-01-19T15:56:37.535Z] [INFO] Saved heatmap for UFHNYUBqRsM (Points: 100)
[2026-01-19T15:56:42.042Z] [INFO] Processing [UOTXMMGvXUk]...
[2026-01-19T15:56:43.096Z] [INFO] Saved heatmap for UOTXMMGvXUk (Points: 100)
[2026-01-19T15:56:47.898Z] [INFO] Processing [UUwpPowvgSM]...
[2026-01-19T15:56:49.012Z] [INFO] Saved heatmap for UUwpPowvgSM (Points: 100)
[2026-01-19T15:56:53.250Z] [INFO] Processing [UcmgW_2DLKs]...
[2026-01-19T15:56:54.509Z] [INFO] Saved heatmap for UcmgW_2DLKs (Points: 100)
[2026-01-19T15:56:58.569Z] [INFO] Processing [UeNIHU29oq0]...
[2026-01-19T15:56:59.785Z] [INFO] Saved heatmap for UeNIHU29oq0 (Points: 100)
[2026-01-19T15:57:03.343Z] [INFO] Processing [Ufm1dMLahZs]...
[2026-01-19T15:57:04.226Z] [INFO] Saved heatmap for Ufm1dMLahZs (Points: 100)
[2026-01-19T15:57:08.819Z] [INFO] Processing [UgcWYlxDy1I]...
[2026-01-19T15:57:09.874Z] [INFO] Saved heatmap for UgcWYlxDy1I (Points: 100)
[2026-01-19T15:57:13.946Z] [INFO] Processing [UmYaNhbYEB8]...
[2026-01-19T15:57:14.897Z] [INFO] Saved heatmap for UmYaNhbYEB8 (Points: 100)
[2026-01-19T15:57:18.393Z] [INFO] Processing [UpXae60ZpAE]...
[2026-01-19T15:57:19.526Z] [INFO] Saved heatmap for UpXae60ZpAE (Points: 100)
[2026-01-19T15:57:22.832Z] [INFO] Processing [UpeQmYJCpMQ]...
[2026-01-19T15:57:23.823Z] [INFO] Saved heatmap for UpeQmYJCpMQ (Points: 100)
[2026-01-19T15:57:27.489Z] [INFO] Processing [UuCiN7QSDbQ]...
[2026-01-19T15:57:28.605Z] [INFO] Saved heatmap for UuCiN7QSDbQ (Points: 100)
[2026-01-19T15:57:33.200Z] [INFO] Processing [Uz6Bltn0xIY]...
[2026-01-19T15:57:34.380Z] [INFO] Saved heatmap for Uz6Bltn0xIY (Points: 100)
[2026-01-19T15:57:38.343Z] [INFO] Processing [VAGy0-Rc8mc]...
[2026-01-19T15:57:39.306Z] [INFO] Saved heatmap for VAGy0-Rc8mc (Points: 100)
[2026-01-19T15:57:43.459Z] [INFO] Processing [VAkPFJY1etA]...
[2026-01-19T15:57:44.663Z] [INFO] Saved heatmap for VAkPFJY1etA (Points: 100)
[2026-01-19T15:57:48.558Z] [INFO] Processing [VBLqlTpBbB0]...
[2026-01-19T15:57:49.519Z] [INFO] Saved heatmap for VBLqlTpBbB0 (Points: 100)
[2026-01-19T15:57:54.031Z] [INFO] Processing [VRLYoAiVvcw]...
[2026-01-19T15:57:55.592Z] [INFO] Saved heatmap for VRLYoAiVvcw (Points: 100)
[2026-01-19T15:58:00.007Z] [INFO] Processing [VXF0RkFUm0I]...
[2026-01-19T15:58:01.123Z] [INFO] Saved heatmap for VXF0RkFUm0I (Points: 100)
[2026-01-19T15:58:04.196Z] [INFO] Processing [VXSIQ7XuUQ8]...
[2026-01-19T15:58:05.185Z] [INFO] Saved heatmap for VXSIQ7XuUQ8 (Points: 100)
[2026-01-19T15:58:09.766Z] [INFO] Processing [V__oVpfMi8I]...
[2026-01-19T15:58:10.943Z] [INFO] Saved heatmap for V__oVpfMi8I (Points: 100)
[2026-01-19T15:58:14.314Z] [INFO] Processing [VfNeiJ3ZXzY]...
[2026-01-19T15:58:15.198Z] [INFO] Saved heatmap for VfNeiJ3ZXzY (Points: 100)
[2026-01-19T15:58:18.482Z] [INFO] Processing [VgnfhNMx1Ws]...
[2026-01-19T15:58:19.609Z] [INFO] Saved heatmap for VgnfhNMx1Ws (Points: 100)
[2026-01-19T15:58:22.847Z] [INFO] Processing [VqXKT0emAxo]...
[2026-01-19T15:58:23.744Z] [INFO] Saved heatmap for VqXKT0emAxo (Points: 100)
[2026-01-19T15:58:28.244Z] [INFO] Processing [VwdegbFqNaI]...
[2026-01-19T15:58:29.115Z] [INFO] Saved heatmap for VwdegbFqNaI (Points: 100)
[2026-01-19T15:58:33.583Z] [INFO] Processing [W0KWBreW5o4]...
[2026-01-19T15:58:34.522Z] [INFO] Saved heatmap for W0KWBreW5o4 (Points: 100)
[2026-01-19T15:58:38.715Z] [INFO] Processing [W1Q42bEDfEU]...
[2026-01-19T15:58:39.837Z] [INFO] Saved heatmap for W1Q42bEDfEU (Points: 100)
[2026-01-19T15:58:43.024Z] [INFO] Processing [W2FVu7ccnLc]...
[2026-01-19T15:58:43.955Z] [INFO] Saved heatmap for W2FVu7ccnLc (Points: 100)
[2026-01-19T15:58:47.162Z] [INFO] Processing [WG6E8dCo3sE]...
[2026-01-19T15:58:48.124Z] [INFO] Saved heatmap for WG6E8dCo3sE (Points: 100)
[2026-01-19T15:58:51.164Z] [INFO] Processing [WcGId4hQFN8]...
[2026-01-19T15:58:52.081Z] [INFO] Saved heatmap for WcGId4hQFN8 (Points: 100)
[2026-01-19T15:58:56.834Z] [INFO] Processing [WgFh2MJRpoU]...
[2026-01-19T15:58:57.953Z] [INFO] Saved heatmap for WgFh2MJRpoU (Points: 100)
[2026-01-19T15:59:02.063Z] [INFO] Processing [WjoktAzYqG4]...
[2026-01-19T15:59:03.165Z] [INFO] Saved heatmap for WjoktAzYqG4 (Points: 100)
[2026-01-19T15:59:07.017Z] [INFO] Processing [WkQrMzwqKv4]...
[2026-01-19T15:59:08.073Z] [INFO] Saved heatmap for WkQrMzwqKv4 (Points: 100)
[2026-01-19T15:59:12.201Z] [INFO] Processing [Wp16pK4MKs4]...
[2026-01-19T15:59:13.260Z] [INFO] Saved heatmap for Wp16pK4MKs4 (Points: 100)
[2026-01-19T15:59:17.831Z] [INFO] Processing [WsKuj7jrmMc]...
[2026-01-19T15:59:18.868Z] [INFO] Saved heatmap for WsKuj7jrmMc (Points: 100)
[2026-01-19T15:59:22.730Z] [INFO] Processing [Wv_V5R0W2Fs]...
[2026-01-19T15:59:23.616Z] [INFO] Saved heatmap for Wv_V5R0W2Fs (Points: 100)
[2026-01-19T15:59:26.917Z] [INFO] Processing [WyxpcnXGoTs]...
[2026-01-19T15:59:27.895Z] [INFO] Saved heatmap for WyxpcnXGoTs (Points: 100)
[2026-01-19T15:59:30.917Z] [INFO] Processing [X0VpkmYGzug]...
[2026-01-19T15:59:31.704Z] [INFO] Saved heatmap for X0VpkmYGzug (Points: 100)
[2026-01-19T15:59:35.305Z] [INFO] Processing [X1glIwxFfVQ]...
[2026-01-19T15:59:36.186Z] [INFO] Saved heatmap for X1glIwxFfVQ (Points: 100)
[2026-01-19T15:59:39.927Z] [INFO] Processing [XFIdY5DKdHs]...
[2026-01-19T15:59:40.890Z] [INFO] Saved heatmap for XFIdY5DKdHs (Points: 100)
[2026-01-19T15:59:44.772Z] [INFO] Processing [XWJTe4a-R3c]...
[2026-01-19T15:59:45.714Z] [INFO] Saved heatmap for XWJTe4a-R3c (Points: 100)
[2026-01-19T15:59:50.446Z] [INFO] Processing [Xf4H6Tza5kU]...
[2026-01-19T15:59:51.329Z] [INFO] [Skip] Shorts detected (<180s). ID: Xf4H6Tza5kU
[2026-01-19T15:59:54.635Z] [INFO] Processing [XgA7Jd1yzsw]...
[2026-01-19T15:59:55.512Z] [INFO] [Skip] Shorts detected (<180s). ID: XgA7Jd1yzsw
[2026-01-19T15:59:58.890Z] [INFO] Processing [XhUJ-ChfPQw]...
[2026-01-19T15:59:59.932Z] [INFO] Saved heatmap for XhUJ-ChfPQw (Points: 100)
[2026-01-19T16:00:04.595Z] [INFO] Processing [XjFdp5R7YHU]...
[2026-01-19T16:00:05.701Z] [INFO] Saved heatmap for XjFdp5R7YHU (Points: 100)
[2026-01-19T16:00:10.062Z] [INFO] Processing [XkjRApcHoJA]...
[2026-01-19T16:00:11.447Z] [INFO] Saved heatmap for XkjRApcHoJA (Points: 100)
[2026-01-19T16:00:15.239Z] [INFO] Processing [XnEcVie6dVk]...
[2026-01-19T16:00:16.297Z] [INFO] Saved heatmap for XnEcVie6dVk (Points: 100)
[2026-01-19T16:00:19.485Z] [INFO] Processing [Xsig0yhnlfk]...
[2026-01-19T16:00:20.467Z] [INFO] Saved heatmap for Xsig0yhnlfk (Points: 100)
[2026-01-19T16:00:24.218Z] [INFO] Processing [Xvf7fTt9MFA]...
[2026-01-19T16:00:25.373Z] [INFO] Saved heatmap for Xvf7fTt9MFA (Points: 100)
[2026-01-19T16:00:29.731Z] [INFO] Processing [Xy7Cp6rA3BM]...
[2026-01-19T16:00:30.618Z] [INFO] Saved heatmap for Xy7Cp6rA3BM (Points: 100)
[2026-01-19T16:00:33.675Z] [INFO] Processing [XySE2tuCoaQ]...
[2026-01-19T16:00:34.639Z] [INFO] Saved heatmap for XySE2tuCoaQ (Points: 100)
[2026-01-19T16:00:39.291Z] [INFO] Processing [Y3-Rai9eJDg]...
[2026-01-19T16:00:40.412Z] [INFO] Saved heatmap for Y3-Rai9eJDg (Points: 100)
[2026-01-19T16:00:44.351Z] [INFO] Processing [Y8KeqoGtSNA]...
[2026-01-19T16:00:45.199Z] [INFO] Saved heatmap for Y8KeqoGtSNA (Points: 100)
[2026-01-19T16:00:49.439Z] [INFO] Processing [YB9mRivQZyI]...
[2026-01-19T16:00:50.495Z] [INFO] [Skip] Shorts detected (<180s). ID: YB9mRivQZyI
[2026-01-19T16:00:54.766Z] [INFO] Processing [YOWsK4S5zmE]...
[2026-01-19T16:00:55.908Z] [INFO] Saved heatmap for YOWsK4S5zmE (Points: 100)
[2026-01-19T16:01:00.774Z] [INFO] Processing [YQ3Ympo8DDk]...
[2026-01-19T16:01:01.749Z] [INFO] Saved heatmap for YQ3Ympo8DDk (Points: 100)
[2026-01-19T16:01:05.732Z] [INFO] Processing [YQYfS14px6s]...
[2026-01-19T16:01:06.739Z] [INFO] Saved heatmap for YQYfS14px6s (Points: 100)
[2026-01-19T16:01:11.560Z] [INFO] Processing [YV4Z94DvWdA]...
[2026-01-19T16:01:12.801Z] [INFO] Saved heatmap for YV4Z94DvWdA (Points: 100)
[2026-01-19T16:01:16.678Z] [INFO] Processing [YXiBcp0Fo4Y]...
[2026-01-19T16:01:17.637Z] [INFO] [Skip] Shorts detected (<180s). ID: YXiBcp0Fo4Y
[2026-01-19T16:01:20.922Z] [INFO] Processing [Ybz9loB46ew]...
[2026-01-19T16:01:22.020Z] [INFO] Saved heatmap for Ybz9loB46ew (Points: 100)
[2026-01-19T16:01:26.347Z] [INFO] Processing [Ygwp9LZf1CU]...
[2026-01-19T16:01:27.657Z] [INFO] Saved heatmap for Ygwp9LZf1CU (Points: 100)
[2026-01-19T16:01:32.046Z] [INFO] Processing [Ypc1A5p1BQ0]...
[2026-01-19T16:01:33.055Z] [INFO] Saved heatmap for Ypc1A5p1BQ0 (Points: 100)
[2026-01-19T16:01:37.577Z] [INFO] Processing [YuO-WQMznsw]...
[2026-01-19T16:01:38.799Z] [INFO] Saved heatmap for YuO-WQMznsw (Points: 100)
[2026-01-19T16:01:43.611Z] [INFO] Processing [YvM-mTNwFaQ]...
[2026-01-19T16:01:44.724Z] [INFO] Saved heatmap for YvM-mTNwFaQ (Points: 100)
[2026-01-19T16:01:47.838Z] [INFO] Processing [YvWinnTK42g]...
[2026-01-19T16:01:48.724Z] [INFO] Saved heatmap for YvWinnTK42g (Points: 100)
[2026-01-19T16:01:52.399Z] [INFO] Processing [YvwIXlP0z3c]...
[2026-01-19T16:01:53.465Z] [INFO] Saved heatmap for YvwIXlP0z3c (Points: 100)
[2026-01-19T16:01:57.668Z] [INFO] Processing [YwHVzstKtD8]...
[2026-01-19T16:01:58.713Z] [INFO] Saved heatmap for YwHVzstKtD8 (Points: 100)
[2026-01-19T16:02:02.805Z] [INFO] Processing [YxPnR4idxN0]...
[2026-01-19T16:02:04.000Z] [INFO] Saved heatmap for YxPnR4idxN0 (Points: 100)
[2026-01-19T16:02:08.958Z] [INFO] Processing [Z-4vMHNvH0E]...
[2026-01-19T16:02:10.030Z] [INFO] Saved heatmap for Z-4vMHNvH0E (Points: 100)
[2026-01-19T16:02:14.704Z] [INFO] Processing [Z0UN-2qZoZo]...
[2026-01-19T16:02:15.828Z] [INFO] Saved heatmap for Z0UN-2qZoZo (Points: 100)
[2026-01-19T16:02:19.958Z] [INFO] Processing [ZAxRMiIosV0]...
[2026-01-19T16:02:21.115Z] [INFO] Saved heatmap for ZAxRMiIosV0 (Points: 100)
[2026-01-19T16:02:24.674Z] [INFO] Processing [ZDdtwBP8PhI]...
[2026-01-19T16:02:25.480Z] [INFO] [Skip] Shorts detected (<180s). ID: ZDdtwBP8PhI
[2026-01-19T16:02:30.207Z] [INFO] Processing [ZNg4ydyfUqY]...
[2026-01-19T16:02:31.463Z] [INFO] Saved heatmap for ZNg4ydyfUqY (Points: 100)
[2026-01-19T16:02:36.160Z] [INFO] Processing [ZTDIVcpfiaA]...
[2026-01-19T16:02:37.253Z] [INFO] Saved heatmap for ZTDIVcpfiaA (Points: 100)
[2026-01-19T16:02:41.647Z] [INFO] Processing [ZYnf3phgvwY]...
[2026-01-19T16:02:42.505Z] [INFO] Saved heatmap for ZYnf3phgvwY (Points: 100)
[2026-01-19T16:02:46.511Z] [INFO] Processing [ZdUZHgnBIe0]...
[2026-01-19T16:02:47.640Z] [INFO] Saved heatmap for ZdUZHgnBIe0 (Points: 100)
[2026-01-19T16:02:51.625Z] [INFO] Processing [ZddLoGspggw]...
[2026-01-19T16:02:52.885Z] [INFO] Saved heatmap for ZddLoGspggw (Points: 100)
[2026-01-19T16:02:57.689Z] [INFO] Processing [Zfan5Rmea3k]...
[2026-01-19T16:02:58.867Z] [INFO] Saved heatmap for Zfan5Rmea3k (Points: 100)
[2026-01-19T16:03:02.965Z] [INFO] Processing [Zj9fS4ZmW_o]...
[2026-01-19T16:03:04.207Z] [INFO] Saved heatmap for Zj9fS4ZmW_o (Points: 100)
[2026-01-19T16:03:07.630Z] [INFO] Processing [ZjzgWwEDAgU]...
[2026-01-19T16:03:08.501Z] [INFO] Saved heatmap for ZjzgWwEDAgU (Points: 100)
[2026-01-19T16:03:11.722Z] [INFO] Processing [ZmeGYBhFgko]...
[2026-01-19T16:03:12.757Z] [INFO] [Skip] Shorts detected (<180s). ID: ZmeGYBhFgko
[2026-01-19T16:03:16.960Z] [INFO] Processing [Zmntr44QJGg]...
[2026-01-19T16:03:17.950Z] [INFO] Saved heatmap for Zmntr44QJGg (Points: 100)
[2026-01-19T16:03:22.589Z] [INFO] Processing [ZoQf6XgFzRw]...
[2026-01-19T16:03:23.766Z] [INFO] Saved heatmap for ZoQf6XgFzRw (Points: 100)
[2026-01-19T16:03:27.318Z] [INFO] Processing [Zp9NXHZnNBg]...
[2026-01-19T16:03:28.340Z] [INFO] Saved heatmap for Zp9NXHZnNBg (Points: 100)
[2026-01-19T16:03:31.651Z] [INFO] Processing [Zql2_un4ihY]...
[2026-01-19T16:03:32.555Z] [INFO] Saved heatmap for Zql2_un4ihY (Points: 100)
[2026-01-19T16:03:36.967Z] [INFO] Processing [ZsJ7y3NSXIM]...
[2026-01-19T16:03:38.122Z] [INFO] Saved heatmap for ZsJ7y3NSXIM (Points: 100)
[2026-01-19T16:03:41.524Z] [INFO] Processing [_-F6tqh9pLw]...
[2026-01-19T16:03:42.507Z] [INFO] Saved heatmap for _-F6tqh9pLw (Points: 100)
[2026-01-19T16:03:45.567Z] [INFO] Processing [_-szbqPsPEo]...
[2026-01-19T16:03:46.501Z] [INFO] [Skip] Shorts detected (<180s). ID: _-szbqPsPEo
[2026-01-19T16:03:51.180Z] [INFO] Processing [_-vCsD7jHh4]...
[2026-01-19T16:03:52.430Z] [INFO] Saved heatmap for _-vCsD7jHh4 (Points: 100)
[2026-01-19T16:03:56.441Z] [INFO] Processing [_4l7KodufB4]...
[2026-01-19T16:03:57.514Z] [INFO] Saved heatmap for _4l7KodufB4 (Points: 100)
[2026-01-19T16:04:01.286Z] [INFO] Processing [_8p0m5ohxLI]...
[2026-01-19T16:04:02.352Z] [INFO] Saved heatmap for _8p0m5ohxLI (Points: 100)
[2026-01-19T16:04:06.868Z] [INFO] Processing [_CNWtyFw8IA]...
[2026-01-19T16:04:07.981Z] [INFO] Saved heatmap for _CNWtyFw8IA (Points: 100)
[2026-01-19T16:04:11.083Z] [INFO] Processing [_EZZ89fBBU0]...
[2026-01-19T16:04:12.018Z] [INFO] Saved heatmap for _EZZ89fBBU0 (Points: 100)
[2026-01-19T16:04:16.401Z] [INFO] Processing [_TCOA0tdpqE]...
[2026-01-19T16:04:17.468Z] [INFO] Saved heatmap for _TCOA0tdpqE (Points: 100)
[2026-01-19T16:04:21.190Z] [INFO] Processing [_TeiHGZ2aic]...
[2026-01-19T16:04:22.082Z] [INFO] Saved heatmap for _TeiHGZ2aic (Points: 100)
[2026-01-19T16:04:26.887Z] [INFO] Processing [_bgp3TAZT7M]...
[2026-01-19T16:04:27.865Z] [INFO] Saved heatmap for _bgp3TAZT7M (Points: 100)
[2026-01-19T16:04:32.284Z] [INFO] Processing [_cZPPD-tbQw]...
[2026-01-19T16:04:33.351Z] [INFO] Saved heatmap for _cZPPD-tbQw (Points: 100)
[2026-01-19T16:04:36.917Z] [INFO] Processing [_g7lXJtbueg]...
[2026-01-19T16:04:37.899Z] [INFO] Saved heatmap for _g7lXJtbueg (Points: 100)
[2026-01-19T16:04:41.841Z] [INFO] Processing [_mwL-KkeYxk]...
[2026-01-19T16:04:42.764Z] [INFO] Saved heatmap for _mwL-KkeYxk (Points: 100)
[2026-01-19T16:04:45.856Z] [INFO] Processing [_oYJdQvFxKo]...
[2026-01-19T16:04:47.006Z] [INFO] Saved heatmap for _oYJdQvFxKo (Points: 100)
[2026-01-19T16:04:50.315Z] [INFO] Processing [_ovsAbqKQAM]...
[2026-01-19T16:04:51.309Z] [INFO] Saved heatmap for _ovsAbqKQAM (Points: 100)
[2026-01-19T16:04:55.523Z] [INFO] Processing [_vOic_3U_YM]...
[2026-01-19T16:04:56.606Z] [INFO] Saved heatmap for _vOic_3U_YM (Points: 100)
[2026-01-19T16:05:00.233Z] [INFO] Processing [_w9_o7ihRrw]...
[2026-01-19T16:05:01.222Z] [INFO] Saved heatmap for _w9_o7ihRrw (Points: 100)
[2026-01-19T16:05:04.366Z] [INFO] Processing [a1dVcHANmYg]...
[2026-01-19T16:05:05.575Z] [INFO] Saved heatmap for a1dVcHANmYg (Points: 100)
[2026-01-19T16:05:10.245Z] [INFO] Processing [a42wwS86JTc]...
[2026-01-19T16:05:11.293Z] [INFO] Saved heatmap for a42wwS86JTc (Points: 100)
[2026-01-19T16:05:14.950Z] [INFO] Processing [a9TiXc5cpWc]...
[2026-01-19T16:05:15.912Z] [INFO] Saved heatmap for a9TiXc5cpWc (Points: 100)
[2026-01-19T16:05:20.388Z] [INFO] Processing [a9aWUqaRKkY]...
[2026-01-19T16:05:21.503Z] [INFO] Saved heatmap for a9aWUqaRKkY (Points: 100)
[2026-01-19T16:05:25.639Z] [INFO] Processing [a9yR7a6NNMs]...
[2026-01-19T16:05:26.977Z] [INFO] Saved heatmap for a9yR7a6NNMs (Points: 100)
[2026-01-19T16:05:31.154Z] [INFO] Processing [aFYx-qcWaYw]...
[2026-01-19T16:05:32.142Z] [INFO] Saved heatmap for aFYx-qcWaYw (Points: 100)
[2026-01-19T16:05:35.460Z] [INFO] Processing [aG_xeTicF0k]...
[2026-01-19T16:05:36.380Z] [INFO] Saved heatmap for aG_xeTicF0k (Points: 100)
[2026-01-19T16:05:41.145Z] [INFO] Processing [aOtNLZ05ypw]...
[2026-01-19T16:05:42.199Z] [INFO] Saved heatmap for aOtNLZ05ypw (Points: 100)
[2026-01-19T16:05:47.173Z] [INFO] Processing [aQgrA3YISDw]...
[2026-01-19T16:05:48.174Z] [INFO] Saved heatmap for aQgrA3YISDw (Points: 100)
[2026-01-19T16:05:52.493Z] [INFO] Processing [aTClipeffE8]...
[2026-01-19T16:05:53.670Z] [INFO] Saved heatmap for aTClipeffE8 (Points: 100)
[2026-01-19T16:05:57.120Z] [INFO] Processing [aYL9E6fKNLI]...
[2026-01-19T16:05:58.037Z] [INFO] Saved heatmap for aYL9E6fKNLI (Points: 100)
[2026-01-19T16:06:02.100Z] [INFO] Processing [acseWyAHPhw]...
[2026-01-19T16:06:03.287Z] [INFO] Saved heatmap for acseWyAHPhw (Points: 100)
[2026-01-19T16:06:07.556Z] [INFO] Processing [aeL16L0Fl5U]...
[2026-01-19T16:06:08.615Z] [INFO] Saved heatmap for aeL16L0Fl5U (Points: 100)
[2026-01-19T16:06:12.503Z] [INFO] Processing [aga5WvCMGZk]...
[2026-01-19T16:06:13.570Z] [INFO] Saved heatmap for aga5WvCMGZk (Points: 100)
[2026-01-19T16:06:17.397Z] [INFO] Processing [aoBuPnqrOFo]...
[2026-01-19T16:06:18.327Z] [INFO] Saved heatmap for aoBuPnqrOFo (Points: 100)
[2026-01-19T16:06:23.130Z] [INFO] Processing [aqrMV7pWwFU]...
[2026-01-19T16:06:24.378Z] [INFO] Saved heatmap for aqrMV7pWwFU (Points: 100)
[2026-01-19T16:06:29.237Z] [INFO] Processing [arBbxnzqUiw]...
[2026-01-19T16:06:30.115Z] [INFO] Saved heatmap for arBbxnzqUiw (Points: 100)
[2026-01-19T16:06:35.002Z] [INFO] Processing [av8T6X8hxhk]...
[2026-01-19T16:06:36.023Z] [INFO] Saved heatmap for av8T6X8hxhk (Points: 100)
[2026-01-19T16:06:40.893Z] [INFO] Processing [axMRwmYxKx8]...
[2026-01-19T16:06:42.037Z] [INFO] Saved heatmap for axMRwmYxKx8 (Points: 100)
[2026-01-19T16:06:45.323Z] [INFO] Processing [ayjSkDH_Vtw]...
[2026-01-19T16:06:46.239Z] [INFO] Saved heatmap for ayjSkDH_Vtw (Points: 100)
[2026-01-19T16:06:49.694Z] [INFO] Processing [az5gTY6wb44]...
[2026-01-19T16:06:50.701Z] [INFO] Saved heatmap for az5gTY6wb44 (Points: 100)
[2026-01-19T16:06:55.287Z] [INFO] Processing [b1R_Yaag1fg]...
[2026-01-19T16:06:56.343Z] [INFO] Saved heatmap for b1R_Yaag1fg (Points: 100)
[2026-01-19T16:07:00.827Z] [INFO] Processing [bC711I-IPck]...
[2026-01-19T16:07:01.843Z] [INFO] Saved heatmap for bC711I-IPck (Points: 100)
[2026-01-19T16:07:06.257Z] [INFO] Processing [bLU28fVWX_s]...
[2026-01-19T16:07:07.311Z] [INFO] Saved heatmap for bLU28fVWX_s (Points: 100)
[2026-01-19T16:07:11.618Z] [INFO] Processing [bRY2uftc9pQ]...
[2026-01-19T16:07:12.806Z] [INFO] Saved heatmap for bRY2uftc9pQ (Points: 100)
[2026-01-19T16:07:16.477Z] [INFO] Processing [bVNb3YIH5TI]...
[2026-01-19T16:07:17.682Z] [INFO] Saved heatmap for bVNb3YIH5TI (Points: 100)
[2026-01-19T16:07:22.046Z] [INFO] Processing [ba4weMv0tZo]...
[2026-01-19T16:07:23.120Z] [INFO] Saved heatmap for ba4weMv0tZo (Points: 100)
[2026-01-19T16:07:27.107Z] [INFO] Processing [bhSZ1cnMlww]...
[2026-01-19T16:07:28.229Z] [INFO] Saved heatmap for bhSZ1cnMlww (Points: 100)
[2026-01-19T16:07:32.316Z] [INFO] Processing [bmhPsEmz2Ss]...
[2026-01-19T16:07:33.322Z] [INFO] Saved heatmap for bmhPsEmz2Ss (Points: 100)
[2026-01-19T16:07:36.985Z] [INFO] Processing [bnjvSugjBhY]...
[2026-01-19T16:07:37.886Z] [INFO] Saved heatmap for bnjvSugjBhY (Points: 100)
[2026-01-19T16:07:40.955Z] [INFO] Processing [bpfFbYjjS-Y]...
[2026-01-19T16:07:41.814Z] [INFO] Saved heatmap for bpfFbYjjS-Y (Points: 100)
[2026-01-19T16:07:45.351Z] [INFO] Processing [bt2kahtnrzE]...
[2026-01-19T16:07:46.252Z] [INFO] Saved heatmap for bt2kahtnrzE (Points: 100)
[2026-01-19T16:07:49.590Z] [INFO] Processing [bxEDXFycaXw]...
